#
# There is insufficient memory for the Java Runtime Environment to continue.
# Native memory allocation (mmap) failed to map 100663296 bytes for committing reserved memory.
# Possible reasons:
#   The system is out of physical RAM or swap space
#   The process is running with CompressedOops enabled, and the Java Heap may be blocking the growth of the native heap
# Possible solutions:
#   Reduce memory load on the system
#   Increase physical memory or swap space
#   Check if swap backing store is full
#   Decrease Java heap size (-Xmx/-Xms)
#   Decrease number of Java threads
#   Decrease Java thread stack sizes (-Xss)
#   Set larger code cache with -XX:ReservedCodeCacheSize=
#   JVM is running with Unscaled Compressed Oops mode in which the Java heap is
#     placed in the first 4GB address space. The Java Heap base address is the
#     maximum limit for the native heap growth. Please use -XX:HeapBaseMinAddress
#     to set the Java Heap base and to place the Java Heap above 4GB virtual address.
# This output file may be truncated or incomplete.
#
#  Out of Memory Error (os_linux.cpp:2647), pid=22362, tid=22375
#
# JRE version: OpenJDK Runtime Environment (9.0+181) (build 9+181)
# Java VM: OpenJDK 64-Bit Server VM (9+181, mixed mode, tiered, compressed oops, g1 gc, linux-amd64)
# Core dump will be written. Default location: Core dumps may be processed with "/usr/lib/systemd/systemd-coredump %P %u %g %s %t %c %e" (or dumping to /home/olu/eclipse-workspace/MatrixBot/core.22362)
#

---------------  S U M M A R Y ------------

Command Line: App

Host: Intel(R) Core(TM) i5 CPU       M 560  @ 2.67GHz, 4 cores, 3G, Antergos Linux
Time: Wed Jul 10 06:24:31 2019 BST elapsed time: 73844 seconds (0d 20h 30m 44s)

---------------  T H R E A D  ---------------

Current thread (0x00007f97d0105000):  VMThread "VM Thread" [stack: 0x00007f97b494e000,0x00007f97b4a4e000] [id=22375]

Stack: [0x00007f97b494e000,0x00007f97b4a4e000],  sp=0x00007f97b4a4c070,  free space=1016k
Native frames: (J=compiled Java code, A=aot compiled Java code, j=interpreted, Vv=VM code, C=native code)
V  [libjvm.so+0xd32b20]
V  [libjvm.so+0xd336bb]
V  [libjvm.so+0x6478f3]
V  [libjvm.so+0xb39dec]
V  [libjvm.so+0xb33fdd]
V  [libjvm.so+0x75170d]
V  [libjvm.so+0x75197e]
V  [libjvm.so+0x754811]
V  [libjvm.so+0x7de32e]
V  [libjvm.so+0x7df08e]
V  [libjvm.so+0x7df529]
V  [libjvm.so+0x711271]
V  [libjvm.so+0x71850a]
V  [libjvm.so+0xd44651]
V  [libjvm.so+0xd434e9]
V  [libjvm.so+0xd408bb]
V  [libjvm.so+0xd41ee0]
V  [libjvm.so+0xd422ce]
V  [libjvm.so+0xb40dba]

VM_Operation (0x00007f97d8ea3b10): G1IncCollectionPause, mode: safepoint, requested by thread 0x00007f97d0012000


---------------  P R O C E S S  ---------------

Java Threads: ( => current thread )
  0x00007f97d0387800 JavaThread "Keep-Alive-Timer" daemon [_thread_blocked, id=28092, stack(0x00007f9784513000,0x00007f9784614000)]
  0x00007f97d01ef800 JavaThread "Service Thread" daemon [_thread_blocked, id=22384, stack(0x00007f97859d4000,0x00007f9785ad5000)]
  0x00007f97d0166800 JavaThread "Common-Cleaner" daemon [_thread_blocked, id=22383, stack(0x00007f9785ad5000,0x00007f9785bd6000)]
  0x00007f97d0139800 JavaThread "Sweeper thread" daemon [_thread_blocked, id=22382, stack(0x00007f97b40ab000,0x00007f97b41ac000)]
  0x00007f97d0137800 JavaThread "C1 CompilerThread2" daemon [_thread_blocked, id=22381, stack(0x00007f97b41ac000,0x00007f97b42ad000)]
  0x00007f97d0135800 JavaThread "C2 CompilerThread1" daemon [_thread_blocked, id=22380, stack(0x00007f97b42ad000,0x00007f97b43ae000)]
  0x00007f97d0133800 JavaThread "C2 CompilerThread0" daemon [_thread_blocked, id=22379, stack(0x00007f97b43ae000,0x00007f97b44af000)]
  0x00007f97d012f800 JavaThread "Signal Dispatcher" daemon [_thread_blocked, id=22378, stack(0x00007f97b44af000,0x00007f97b45b0000)]
  0x00007f97d0117000 JavaThread "Finalizer" daemon [_thread_blocked, id=22377, stack(0x00007f97b474b000,0x00007f97b484c000)]
  0x00007f97d010e800 JavaThread "Reference Handler" daemon [_thread_blocked, id=22376, stack(0x00007f97b484c000,0x00007f97b494d000)]
  0x00007f97d0012000 JavaThread "main" [_thread_blocked, id=22363, stack(0x00007f97d8da6000,0x00007f97d8ea6000)]

Other Threads:
=>0x00007f97d0105000 VMThread "VM Thread" [stack: 0x00007f97b494e000,0x00007f97b4a4e000] [id=22375]
  0x00007f97d01f2000 WatcherThread [stack: 0x00007f97858d4000,0x00007f97859d4000] [id=22385]
  0x00007f97d0028000 GCTaskThread "GC Thread#0" [stack: 0x00007f97d4f93000,0x00007f97d5093000] [id=22364]
  0x00007f97d0029800 GCTaskThread "GC Thread#1" [stack: 0x00007f97d4e92000,0x00007f97d4f92000] [id=22365]
  0x00007f97d002b000 GCTaskThread "GC Thread#2" [stack: 0x00007f97d4d91000,0x00007f97d4e91000] [id=22366]
  0x00007f97d002d000 GCTaskThread "GC Thread#3" [stack: 0x00007f97d4c90000,0x00007f97d4d90000] [id=22367]
  0x00007f97d0069800 ConcurrentGCThread "G1 Main Marker" [stack: 0x00007f97d40b0000,0x00007f97d41b0000] [id=22373]
  0x00007f97d006b800 ConcurrentGCThread "G1 Marker#0" [stack: 0x00007f97b5653000,0x00007f97b5753000] [id=22374]
  0x00007f97d0034000 ConcurrentGCThread "G1 Refine#0" [stack: 0x00007f97d4488000,0x00007f97d4588000] [id=22371]
  0x00007f97d0032800 ConcurrentGCThread "G1 Refine#1" [stack: 0x00007f97d4589000,0x00007f97d4689000] [id=22370]
  0x00007f97d0030800 ConcurrentGCThread "G1 Refine#2" [stack: 0x00007f97d468a000,0x00007f97d478a000] [id=22369]
  0x00007f97d002f000 ConcurrentGCThread "G1 Refine#3" [stack: 0x00007f97d478b000,0x00007f97d488b000] [id=22368]
  0x00007f97d0036000 ConcurrentGCThread "G1 Young RemSet Sampling" [stack: 0x00007f97d4387000,0x00007f97d4487000] [id=22372]

Threads with active compile tasks:

VM state:at safepoint (normal execution)

VM Mutex/Monitor currently owned by a thread:  ([mutex/lock_event])
[0x00007f97d000e8b0] Threads_lock - owner thread: 0x00007f97d0105000
[0x00007f97d000ee50] Heap_lock - owner thread: 0x00007f97d0012000

Heap address: 0x00000000c5400000, size: 940 MB, Compressed Oops mode: 32-bit
Narrow klass base: 0x0000000000000000, Narrow klass shift: 3
Compressed class space size: 1073741824 Address: 0x0000000100000000

Heap:
 garbage-first heap   total 420864K, used 13261K [0x00000000c5400000, 0x00000000c5500cd8, 0x0000000100000000)
  region size 1024K, 1 young (1024K), 1 survivors (1024K)
 Metaspace       used 21262K, capacity 22104K, committed 22320K, reserved 1069056K
  class space    used 1860K, capacity 2058K, committed 2176K, reserved 1048576K
Heap Regions: E=young(eden), S=young(survivor), O=old, HS=humongous(starts), HC=humongous(continues), CS=collection set, F=free, A=archive, TS=gc time stamp, AC=allocation context, TAMS=top-at-mark-start (previous, next)
|   0|0x00000000c5400000, 0x00000000c5500000, 0x00000000c5500000|100%| O|  |TS  0|AC  0|TAMS 0x00000000c5500000, 0x00000000c5500000|
|   1|0x00000000c5500000, 0x00000000c5600000, 0x00000000c5600000|100%| O|  |TS  0|AC  0|TAMS 0x00000000c5600000, 0x00000000c5600000|
|   2|0x00000000c5600000, 0x00000000c5700000, 0x00000000c5700000|100%| O|  |TS  0|AC  0|TAMS 0x00000000c5700000, 0x00000000c5700000|
|   3|0x00000000c5700000, 0x00000000c5800000, 0x00000000c5800000|100%| O|  |TS  0|AC  0|TAMS 0x00000000c5800000, 0x00000000c5800000|
|   4|0x00000000c5800000, 0x00000000c5900000, 0x00000000c5900000|100%| O|  |TS  0|AC  0|TAMS 0x00000000c5900000, 0x00000000c5900000|
|   5|0x00000000c5900000, 0x00000000c5a00000, 0x00000000c5a00000|100%| O|  |TS  0|AC  0|TAMS 0x00000000c5a00000, 0x00000000c5a00000|
|   6|0x00000000c5a00000, 0x00000000c5b00000, 0x00000000c5b00000|100%| O|  |TS 15|AC  0|TAMS 0x00000000c5adfc00, 0x00000000c5adfc00|
|   7|0x00000000c5b00000, 0x00000000c5c00000, 0x00000000c5c00000|100%| O|  |TS11449|AC  0|TAMS 0x00000000c5b00000, 0x00000000c5b00000|
|   8|0x00000000c5c00000, 0x00000000c5d00000, 0x00000000c5d00000|100%| O|  |TS20025|AC  0|TAMS 0x00000000c5c00000, 0x00000000c5c00000|
|   9|0x00000000c5d00000, 0x00000000c5e00000, 0x00000000c5e00000|100%| O|  |TS20025|AC  0|TAMS 0x00000000c5d00000, 0x00000000c5d00000|
|  10|0x00000000c5e00000, 0x00000000c5f00000, 0x00000000c5f00000|100%| O|  |TS20025|AC  0|TAMS 0x00000000c5e00000, 0x00000000c5e00000|
|  11|0x00000000c5f00000, 0x00000000c6000000, 0x00000000c6000000|100%| O|  |TS20085|AC  0|TAMS 0x00000000c5f00000, 0x00000000c5f00000|
|  12|0x00000000c6000000, 0x00000000c6010c00, 0x00000000c6100000|  6%| O|  |TS20101|AC  0|TAMS 0x00000000c6000000, 0x00000000c6000000|
|  13|0x00000000c6100000, 0x00000000c6100000, 0x00000000c6200000|  0%| F|  |TS  0|AC  0|TAMS 0x00000000c6100000, 0x00000000c6100000|
|  14|0x00000000c6200000, 0x00000000c6200000, 0x00000000c6300000|  0%| F|  |TS  0|AC  0|TAMS 0x00000000c6200000, 0x00000000c6200000|
|  15|0x00000000c6300000, 0x00000000c6300000, 0x00000000c6400000|  0%| F|  |TS  0|AC  0|TAMS 0x00000000c6300000, 0x00000000c6300000|
|  16|0x00000000c6400000, 0x00000000c6400000, 0x00000000c6500000|  0%| F|  |TS  0|AC  0|TAMS 0x00000000c6400000, 0x00000000c6400000|
|  17|0x00000000c6500000, 0x00000000c6500000, 0x00000000c6600000|  0%| F|  |TS  0|AC  0|TAMS 0x00000000c6500000, 0x00000000c6500000|
|  18|0x00000000c6600000, 0x00000000c6600000, 0x00000000c6700000|  0%| F|  |TS  0|AC  0|TAMS 0x00000000c6600000, 0x00000000c6600000|
|  19|0x00000000c6700000, 0x00000000c6700000, 0x00000000c6800000|  0%| F|  |TS  0|AC  0|TAMS 0x00000000c6700000, 0x00000000c6700000|
|  20|0x00000000c6800000, 0x00000000c6800000, 0x00000000c6900000|  0%| F|  |TS  0|AC  0|TAMS 0x00000000c6800000, 0x00000000c6800000|
|  21|0x00000000c6900000, 0x00000000c6900000, 0x00000000c6a00000|  0%| F|  |TS20015|AC  0|TAMS 0x00000000c6900000, 0x00000000c6900000|
|  22|0x00000000c6a00000, 0x00000000c6a00000, 0x00000000c6b00000|  0%| F|  |TS20015|AC  0|TAMS 0x00000000c6a00000, 0x00000000c6a00000|
|  23|0x00000000c6b00000, 0x00000000c6b00000, 0x00000000c6c00000|  0%| F|  |TS20015|AC  0|TAMS 0x00000000c6b00000, 0x00000000c6b00000|
|  24|0x00000000c6c00000, 0x00000000c6c00000, 0x00000000c6d00000|  0%| F|  |TS20013|AC  0|TAMS 0x00000000c6c00000, 0x00000000c6c00000|
|  25|0x00000000c6d00000, 0x00000000c6d00000, 0x00000000c6e00000|  0%| F|  |TS20013|AC  0|TAMS 0x00000000c6d00000, 0x00000000c6d00000|
|  26|0x00000000c6e00000, 0x00000000c6e00000, 0x00000000c6f00000|  0%| F|  |TS20013|AC  0|TAMS 0x00000000c6e00000, 0x00000000c6e00000|
|  27|0x00000000c6f00000, 0x00000000c6f00000, 0x00000000c7000000|  0%| F|  |TS20013|AC  0|TAMS 0x00000000c6f00000, 0x00000000c6f00000|
|  28|0x00000000c7000000, 0x00000000c7000000, 0x00000000c7100000|  0%| F|  |TS20013|AC  0|TAMS 0x00000000c7000000, 0x00000000c7000000|
|  29|0x00000000c7100000, 0x00000000c7100000, 0x00000000c7200000|  0%| F|  |TS20013|AC  0|TAMS 0x00000000c7100000, 0x00000000c7100000|
|  30|0x00000000c7200000, 0x00000000c7200000, 0x00000000c7300000|  0%| F|  |TS20013|AC  0|TAMS 0x00000000c7200000, 0x00000000c7200000|
|  31|0x00000000c7300000, 0x00000000c7300000, 0x00000000c7400000|  0%| F|  |TS20013|AC  0|TAMS 0x00000000c7300000, 0x00000000c7300000|
|  32|0x00000000c7400000, 0x00000000c7400000, 0x00000000c7500000|  0%| F|  |TS20013|AC  0|TAMS 0x00000000c7400000, 0x00000000c7400000|
|  33|0x00000000c7500000, 0x00000000c7500000, 0x00000000c7600000|  0%| F|  |TS20013|AC  0|TAMS 0x00000000c7500000, 0x00000000c7500000|
|  34|0x00000000c7600000, 0x00000000c7600000, 0x00000000c7700000|  0%| F|  |TS20013|AC  0|TAMS 0x00000000c7600000, 0x00000000c7600000|
|  35|0x00000000c7700000, 0x00000000c7700000, 0x00000000c7800000|  0%| F|  |TS20013|AC  0|TAMS 0x00000000c7700000, 0x00000000c7700000|
|  36|0x00000000c7800000, 0x00000000c7800000, 0x00000000c7900000|  0%| F|  |TS20013|AC  0|TAMS 0x00000000c7800000, 0x00000000c7800000|
|  37|0x00000000c7900000, 0x00000000c7900000, 0x00000000c7a00000|  0%| F|  |TS20013|AC  0|TAMS 0x00000000c7900000, 0x00000000c7900000|
|  38|0x00000000c7a00000, 0x00000000c7a00000, 0x00000000c7b00000|  0%| F|  |TS20013|AC  0|TAMS 0x00000000c7a00000, 0x00000000c7a00000|
|  39|0x00000000c7b00000, 0x00000000c7b00000, 0x00000000c7c00000|  0%| F|  |TS20025|AC  0|TAMS 0x00000000c7b00000, 0x00000000c7b00000|
|  40|0x00000000c7c00000, 0x00000000c7c00000, 0x00000000c7d00000|  0%| F|  |TS20025|AC  0|TAMS 0x00000000c7c00000, 0x00000000c7c00000|
|  41|0x00000000c7d00000, 0x00000000c7d00000, 0x00000000c7e00000|  0%| F|  |TS20025|AC  0|TAMS 0x00000000c7d00000, 0x00000000c7d00000|
|  42|0x00000000c7e00000, 0x00000000c7e00000, 0x00000000c7f00000|  0%| F|  |TS20025|AC  0|TAMS 0x00000000c7e00000, 0x00000000c7e00000|
|  43|0x00000000c7f00000, 0x00000000c7f00000, 0x00000000c8000000|  0%| F|  |TS20023|AC  0|TAMS 0x00000000c7f00000, 0x00000000c7f00000|
|  44|0x00000000c8000000, 0x00000000c8000000, 0x00000000c8100000|  0%| F|  |TS20023|AC  0|TAMS 0x00000000c8000000, 0x00000000c8000000|
|  45|0x00000000c8100000, 0x00000000c8100000, 0x00000000c8200000|  0%| F|  |TS20023|AC  0|TAMS 0x00000000c8100000, 0x00000000c8100000|
|  46|0x00000000c8200000, 0x00000000c8200000, 0x00000000c8300000|  0%| F|  |TS20023|AC  0|TAMS 0x00000000c8200000, 0x00000000c8200000|
|  47|0x00000000c8300000, 0x00000000c8300000, 0x00000000c8400000|  0%| F|  |TS20023|AC  0|TAMS 0x00000000c8300000, 0x00000000c8300000|
|  48|0x00000000c8400000, 0x00000000c8400000, 0x00000000c8500000|  0%| F|  |TS20023|AC  0|TAMS 0x00000000c8400000, 0x00000000c8400000|
|  49|0x00000000c8500000, 0x00000000c8500000, 0x00000000c8600000|  0%| F|  |TS20023|AC  0|TAMS 0x00000000c8500000, 0x00000000c8500000|
|  50|0x00000000c8600000, 0x00000000c8600000, 0x00000000c8700000|  0%| F|  |TS20023|AC  0|TAMS 0x00000000c8600000, 0x00000000c8600000|
|  51|0x00000000c8700000, 0x00000000c8700000, 0x00000000c8800000|  0%| F|  |TS20023|AC  0|TAMS 0x00000000c8700000, 0x00000000c8700000|
|  52|0x00000000c8800000, 0x00000000c8800000, 0x00000000c8900000|  0%| F|  |TS20023|AC  0|TAMS 0x00000000c8800000, 0x00000000c8800000|
|  53|0x00000000c8900000, 0x00000000c8900000, 0x00000000c8a00000|  0%| F|  |TS20023|AC  0|TAMS 0x00000000c8900000, 0x00000000c8900000|
|  54|0x00000000c8a00000, 0x00000000c8a00000, 0x00000000c8b00000|  0%| F|  |TS20023|AC  0|TAMS 0x00000000c8a00000, 0x00000000c8a00000|
|  55|0x00000000c8b00000, 0x00000000c8b00000, 0x00000000c8c00000|  0%| F|  |TS20023|AC  0|TAMS 0x00000000c8b00000, 0x00000000c8b00000|
|  56|0x00000000c8c00000, 0x00000000c8c00000, 0x00000000c8d00000|  0%| F|  |TS20023|AC  0|TAMS 0x00000000c8c00000, 0x00000000c8c00000|
|  57|0x00000000c8d00000, 0x00000000c8d00000, 0x00000000c8e00000|  0%| F|  |TS20023|AC  0|TAMS 0x00000000c8d00000, 0x00000000c8d00000|
|  58|0x00000000c8e00000, 0x00000000c8e00000, 0x00000000c8f00000|  0%| F|  |TS20023|AC  0|TAMS 0x00000000c8e00000, 0x00000000c8e00000|
|  59|0x00000000c8f00000, 0x00000000c8f00000, 0x00000000c9000000|  0%| F|  |TS20023|AC  0|TAMS 0x00000000c8f00000, 0x00000000c8f00000|
|  60|0x00000000c9000000, 0x00000000c9000000, 0x00000000c9100000|  0%| F|  |TS20023|AC  0|TAMS 0x00000000c9000000, 0x00000000c9000000|
|  61|0x00000000c9100000, 0x00000000c9100000, 0x00000000c9200000|  0%| F|  |TS20023|AC  0|TAMS 0x00000000c9100000, 0x00000000c9100000|
|  62|0x00000000c9200000, 0x00000000c9200000, 0x00000000c9300000|  0%| F|  |TS20023|AC  0|TAMS 0x00000000c9200000, 0x00000000c9200000|
|  63|0x00000000c9300000, 0x00000000c9300000, 0x00000000c9400000|  0%| F|  |TS20023|AC  0|TAMS 0x00000000c9300000, 0x00000000c9300000|
|  64|0x00000000c9400000, 0x00000000c9400000, 0x00000000c9500000|  0%| F|  |TS20023|AC  0|TAMS 0x00000000c9400000, 0x00000000c9400000|
|  65|0x00000000c9500000, 0x00000000c9500000, 0x00000000c9600000|  0%| F|  |TS20023|AC  0|TAMS 0x00000000c9500000, 0x00000000c9500000|
|  66|0x00000000c9600000, 0x00000000c9600000, 0x00000000c9700000|  0%| F|  |TS20023|AC  0|TAMS 0x00000000c9600000, 0x00000000c9600000|
|  67|0x00000000c9700000, 0x00000000c9700000, 0x00000000c9800000|  0%| F|  |TS20023|AC  0|TAMS 0x00000000c9700000, 0x00000000c9700000|
|  68|0x00000000c9800000, 0x00000000c9800000, 0x00000000c9900000|  0%| F|  |TS20023|AC  0|TAMS 0x00000000c9800000, 0x00000000c9800000|
|  69|0x00000000c9900000, 0x00000000c9900000, 0x00000000c9a00000|  0%| F|  |TS20023|AC  0|TAMS 0x00000000c9900000, 0x00000000c9900000|
|  70|0x00000000c9a00000, 0x00000000c9a00000, 0x00000000c9b00000|  0%| F|  |TS20023|AC  0|TAMS 0x00000000c9a00000, 0x00000000c9a00000|
|  71|0x00000000c9b00000, 0x00000000c9b00000, 0x00000000c9c00000|  0%| F|  |TS20023|AC  0|TAMS 0x00000000c9b00000, 0x00000000c9b00000|
|  72|0x00000000c9c00000, 0x00000000c9c00000, 0x00000000c9d00000|  0%| F|  |TS20023|AC  0|TAMS 0x00000000c9c00000, 0x00000000c9c00000|
|  73|0x00000000c9d00000, 0x00000000c9d00000, 0x00000000c9e00000|  0%| F|  |TS20023|AC  0|TAMS 0x00000000c9d00000, 0x00000000c9d00000|
|  74|0x00000000c9e00000, 0x00000000c9e00000, 0x00000000c9f00000|  0%| F|  |TS20023|AC  0|TAMS 0x00000000c9e00000, 0x00000000c9e00000|
|  75|0x00000000c9f00000, 0x00000000c9f00000, 0x00000000ca000000|  0%| F|  |TS20023|AC  0|TAMS 0x00000000c9f00000, 0x00000000c9f00000|
|  76|0x00000000ca000000, 0x00000000ca000000, 0x00000000ca100000|  0%| F|  |TS20023|AC  0|TAMS 0x00000000ca000000, 0x00000000ca000000|
|  77|0x00000000ca100000, 0x00000000ca100000, 0x00000000ca200000|  0%| F|  |TS20023|AC  0|TAMS 0x00000000ca100000, 0x00000000ca100000|
|  78|0x00000000ca200000, 0x00000000ca200000, 0x00000000ca300000|  0%| F|  |TS20023|AC  0|TAMS 0x00000000ca200000, 0x00000000ca200000|
|  79|0x00000000ca300000, 0x00000000ca300000, 0x00000000ca400000|  0%| F|  |TS20023|AC  0|TAMS 0x00000000ca300000, 0x00000000ca300000|
|  80|0x00000000ca400000, 0x00000000ca400000, 0x00000000ca500000|  0%| F|  |TS20023|AC  0|TAMS 0x00000000ca400000, 0x00000000ca400000|
|  81|0x00000000ca500000, 0x00000000ca500000, 0x00000000ca600000|  0%| F|  |TS20023|AC  0|TAMS 0x00000000ca500000, 0x00000000ca500000|
|  82|0x00000000ca600000, 0x00000000ca600000, 0x00000000ca700000|  0%| F|  |TS20023|AC  0|TAMS 0x00000000ca600000, 0x00000000ca600000|
|  83|0x00000000ca700000, 0x00000000ca700000, 0x00000000ca800000|  0%| F|  |TS20023|AC  0|TAMS 0x00000000ca700000, 0x00000000ca700000|
|  84|0x00000000ca800000, 0x00000000ca800000, 0x00000000ca900000|  0%| F|  |TS20023|AC  0|TAMS 0x00000000ca800000, 0x00000000ca800000|
|  85|0x00000000ca900000, 0x00000000ca900000, 0x00000000caa00000|  0%| F|  |TS20023|AC  0|TAMS 0x00000000ca900000, 0x00000000ca900000|
|  86|0x00000000caa00000, 0x00000000caa00000, 0x00000000cab00000|  0%| F|  |TS20023|AC  0|TAMS 0x00000000caa00000, 0x00000000caa00000|
|  87|0x00000000cab00000, 0x00000000cab00000, 0x00000000cac00000|  0%| F|  |TS20023|AC  0|TAMS 0x00000000cab00000, 0x00000000cab00000|
|  88|0x00000000cac00000, 0x00000000cac00000, 0x00000000cad00000|  0%| F|  |TS20023|AC  0|TAMS 0x00000000cac00000, 0x00000000cac00000|
|  89|0x00000000cad00000, 0x00000000cad00000, 0x00000000cae00000|  0%| F|  |TS20023|AC  0|TAMS 0x00000000cad00000, 0x00000000cad00000|
|  90|0x00000000cae00000, 0x00000000cae00000, 0x00000000caf00000|  0%| F|  |TS20023|AC  0|TAMS 0x00000000cae00000, 0x00000000cae00000|
|  91|0x00000000caf00000, 0x00000000caf00000, 0x00000000cb000000|  0%| F|  |TS20023|AC  0|TAMS 0x00000000caf00000, 0x00000000caf00000|
|  92|0x00000000cb000000, 0x00000000cb000000, 0x00000000cb100000|  0%| F|  |TS20023|AC  0|TAMS 0x00000000cb000000, 0x00000000cb000000|
|  93|0x00000000cb100000, 0x00000000cb100000, 0x00000000cb200000|  0%| F|  |TS20023|AC  0|TAMS 0x00000000cb100000, 0x00000000cb100000|
|  94|0x00000000cb200000, 0x00000000cb200000, 0x00000000cb300000|  0%| F|  |TS20023|AC  0|TAMS 0x00000000cb200000, 0x00000000cb200000|
|  95|0x00000000cb300000, 0x00000000cb300000, 0x00000000cb400000|  0%| F|  |TS20023|AC  0|TAMS 0x00000000cb300000, 0x00000000cb300000|
|  96|0x00000000cb400000, 0x00000000cb400000, 0x00000000cb500000|  0%| F|  |TS20023|AC  0|TAMS 0x00000000cb400000, 0x00000000cb400000|
|  97|0x00000000cb500000, 0x00000000cb500000, 0x00000000cb600000|  0%| F|  |TS20023|AC  0|TAMS 0x00000000cb500000, 0x00000000cb500000|
|  98|0x00000000cb600000, 0x00000000cb600000, 0x00000000cb700000|  0%| F|  |TS20023|AC  0|TAMS 0x00000000cb600000, 0x00000000cb600000|
|  99|0x00000000cb700000, 0x00000000cb700000, 0x00000000cb800000|  0%| F|  |TS20023|AC  0|TAMS 0x00000000cb700000, 0x00000000cb700000|
| 100|0x00000000cb800000, 0x00000000cb800000, 0x00000000cb900000|  0%| F|  |TS20023|AC  0|TAMS 0x00000000cb800000, 0x00000000cb800000|
| 101|0x00000000cb900000, 0x00000000cb900000, 0x00000000cba00000|  0%| F|  |TS20023|AC  0|TAMS 0x00000000cb900000, 0x00000000cb900000|
| 102|0x00000000cba00000, 0x00000000cba00000, 0x00000000cbb00000|  0%| F|  |TS20023|AC  0|TAMS 0x00000000cba00000, 0x00000000cba00000|
| 103|0x00000000cbb00000, 0x00000000cbb00000, 0x00000000cbc00000|  0%| F|  |TS20023|AC  0|TAMS 0x00000000cbb00000, 0x00000000cbb00000|
| 104|0x00000000cbc00000, 0x00000000cbc00000, 0x00000000cbd00000|  0%| F|  |TS20023|AC  0|TAMS 0x00000000cbc00000, 0x00000000cbc00000|
| 105|0x00000000cbd00000, 0x00000000cbd00000, 0x00000000cbe00000|  0%| F|  |TS20027|AC  0|TAMS 0x00000000cbd00000, 0x00000000cbd00000|
| 106|0x00000000cbe00000, 0x00000000cbe00000, 0x00000000cbf00000|  0%| F|  |TS20025|AC  0|TAMS 0x00000000cbe00000, 0x00000000cbe00000|
| 107|0x00000000cbf00000, 0x00000000cbf00000, 0x00000000cc000000|  0%| F|  |TS20025|AC  0|TAMS 0x00000000cbf00000, 0x00000000cbf00000|
| 108|0x00000000cc000000, 0x00000000cc000000, 0x00000000cc100000|  0%| F|  |TS20025|AC  0|TAMS 0x00000000cc000000, 0x00000000cc000000|
| 109|0x00000000cc100000, 0x00000000cc100000, 0x00000000cc200000|  0%| F|  |TS20025|AC  0|TAMS 0x00000000cc100000, 0x00000000cc100000|
| 110|0x00000000cc200000, 0x00000000cc200000, 0x00000000cc300000|  0%| F|  |TS20025|AC  0|TAMS 0x00000000cc200000, 0x00000000cc200000|
| 111|0x00000000cc300000, 0x00000000cc300000, 0x00000000cc400000|  0%| F|  |TS20025|AC  0|TAMS 0x00000000cc300000, 0x00000000cc300000|
| 112|0x00000000cc400000, 0x00000000cc400000, 0x00000000cc500000|  0%| F|  |TS20025|AC  0|TAMS 0x00000000cc400000, 0x00000000cc400000|
| 113|0x00000000cc500000, 0x00000000cc500000, 0x00000000cc600000|  0%| F|  |TS20025|AC  0|TAMS 0x00000000cc500000, 0x00000000cc500000|
| 114|0x00000000cc600000, 0x00000000cc600000, 0x00000000cc700000|  0%| F|  |TS20025|AC  0|TAMS 0x00000000cc600000, 0x00000000cc600000|
| 115|0x00000000cc700000, 0x00000000cc700000, 0x00000000cc800000|  0%| F|  |TS20025|AC  0|TAMS 0x00000000cc700000, 0x00000000cc700000|
| 116|0x00000000cc800000, 0x00000000cc800000, 0x00000000cc900000|  0%| F|  |TS20025|AC  0|TAMS 0x00000000cc800000, 0x00000000cc800000|
| 117|0x00000000cc900000, 0x00000000cc900000, 0x00000000cca00000|  0%| F|  |TS20025|AC  0|TAMS 0x00000000cc900000, 0x00000000cc900000|
| 118|0x00000000cca00000, 0x00000000cca00000, 0x00000000ccb00000|  0%| F|  |TS20025|AC  0|TAMS 0x00000000cca00000, 0x00000000cca00000|
| 119|0x00000000ccb00000, 0x00000000ccb00000, 0x00000000ccc00000|  0%| F|  |TS20025|AC  0|TAMS 0x00000000ccb00000, 0x00000000ccb00000|
| 120|0x00000000ccc00000, 0x00000000ccc00000, 0x00000000ccd00000|  0%| F|  |TS20025|AC  0|TAMS 0x00000000ccc00000, 0x00000000ccc00000|
| 121|0x00000000ccd00000, 0x00000000ccd00000, 0x00000000cce00000|  0%| F|  |TS20025|AC  0|TAMS 0x00000000ccd00000, 0x00000000ccd00000|
| 122|0x00000000cce00000, 0x00000000cce00000, 0x00000000ccf00000|  0%| F|  |TS20025|AC  0|TAMS 0x00000000cce00000, 0x00000000cce00000|
| 123|0x00000000ccf00000, 0x00000000ccf00000, 0x00000000cd000000|  0%| F|  |TS20025|AC  0|TAMS 0x00000000ccf00000, 0x00000000ccf00000|
| 124|0x00000000cd000000, 0x00000000cd000000, 0x00000000cd100000|  0%| F|  |TS20025|AC  0|TAMS 0x00000000cd000000, 0x00000000cd000000|
| 125|0x00000000cd100000, 0x00000000cd100000, 0x00000000cd200000|  0%| F|  |TS20025|AC  0|TAMS 0x00000000cd100000, 0x00000000cd100000|
| 126|0x00000000cd200000, 0x00000000cd200000, 0x00000000cd300000|  0%| F|  |TS20025|AC  0|TAMS 0x00000000cd200000, 0x00000000cd200000|
| 127|0x00000000cd300000, 0x00000000cd300000, 0x00000000cd400000|  0%| F|  |TS20025|AC  0|TAMS 0x00000000cd300000, 0x00000000cd300000|
| 128|0x00000000cd400000, 0x00000000cd400000, 0x00000000cd500000|  0%| F|  |TS20025|AC  0|TAMS 0x00000000cd400000, 0x00000000cd400000|
| 129|0x00000000cd500000, 0x00000000cd500000, 0x00000000cd600000|  0%| F|  |TS20025|AC  0|TAMS 0x00000000cd500000, 0x00000000cd500000|
| 130|0x00000000cd600000, 0x00000000cd600000, 0x00000000cd700000|  0%| F|  |TS20025|AC  0|TAMS 0x00000000cd600000, 0x00000000cd600000|
| 131|0x00000000cd700000, 0x00000000cd700000, 0x00000000cd800000|  0%| F|  |TS20025|AC  0|TAMS 0x00000000cd700000, 0x00000000cd700000|
| 132|0x00000000cd800000, 0x00000000cd800000, 0x00000000cd900000|  0%| F|  |TS20039|AC  0|TAMS 0x00000000cd800000, 0x00000000cd800000|
| 133|0x00000000cd900000, 0x00000000cd900000, 0x00000000cda00000|  0%| F|  |TS20039|AC  0|TAMS 0x00000000cd900000, 0x00000000cd900000|
| 134|0x00000000cda00000, 0x00000000cda00000, 0x00000000cdb00000|  0%| F|  |TS20039|AC  0|TAMS 0x00000000cda00000, 0x00000000cda00000|
| 135|0x00000000cdb00000, 0x00000000cdb00000, 0x00000000cdc00000|  0%| F|  |TS20039|AC  0|TAMS 0x00000000cdb00000, 0x00000000cdb00000|
| 136|0x00000000cdc00000, 0x00000000cdc00000, 0x00000000cdd00000|  0%| F|  |TS20039|AC  0|TAMS 0x00000000cdc00000, 0x00000000cdc00000|
| 137|0x00000000cdd00000, 0x00000000cdd00000, 0x00000000cde00000|  0%| F|  |TS20037|AC  0|TAMS 0x00000000cdd00000, 0x00000000cdd00000|
| 138|0x00000000cde00000, 0x00000000cde00000, 0x00000000cdf00000|  0%| F|  |TS20037|AC  0|TAMS 0x00000000cde00000, 0x00000000cde00000|
| 139|0x00000000cdf00000, 0x00000000cdf00000, 0x00000000ce000000|  0%| F|  |TS20037|AC  0|TAMS 0x00000000cdf00000, 0x00000000cdf00000|
| 140|0x00000000ce000000, 0x00000000ce000000, 0x00000000ce100000|  0%| F|  |TS20037|AC  0|TAMS 0x00000000ce000000, 0x00000000ce000000|
| 141|0x00000000ce100000, 0x00000000ce100000, 0x00000000ce200000|  0%| F|  |TS20037|AC  0|TAMS 0x00000000ce100000, 0x00000000ce100000|
| 142|0x00000000ce200000, 0x00000000ce200000, 0x00000000ce300000|  0%| F|  |TS20037|AC  0|TAMS 0x00000000ce200000, 0x00000000ce200000|
| 143|0x00000000ce300000, 0x00000000ce300000, 0x00000000ce400000|  0%| F|  |TS20037|AC  0|TAMS 0x00000000ce300000, 0x00000000ce300000|
| 144|0x00000000ce400000, 0x00000000ce400000, 0x00000000ce500000|  0%| F|  |TS20037|AC  0|TAMS 0x00000000ce400000, 0x00000000ce400000|
| 145|0x00000000ce500000, 0x00000000ce500000, 0x00000000ce600000|  0%| F|  |TS20037|AC  0|TAMS 0x00000000ce500000, 0x00000000ce500000|
| 146|0x00000000ce600000, 0x00000000ce600000, 0x00000000ce700000|  0%| F|  |TS20037|AC  0|TAMS 0x00000000ce600000, 0x00000000ce600000|
| 147|0x00000000ce700000, 0x00000000ce700000, 0x00000000ce800000|  0%| F|  |TS20037|AC  0|TAMS 0x00000000ce700000, 0x00000000ce700000|
| 148|0x00000000ce800000, 0x00000000ce800000, 0x00000000ce900000|  0%| F|  |TS20037|AC  0|TAMS 0x00000000ce800000, 0x00000000ce800000|
| 149|0x00000000ce900000, 0x00000000ce900000, 0x00000000cea00000|  0%| F|  |TS20037|AC  0|TAMS 0x00000000ce900000, 0x00000000ce900000|
| 150|0x00000000cea00000, 0x00000000cea00000, 0x00000000ceb00000|  0%| F|  |TS20037|AC  0|TAMS 0x00000000cea00000, 0x00000000cea00000|
| 151|0x00000000ceb00000, 0x00000000ceb00000, 0x00000000cec00000|  0%| F|  |TS20037|AC  0|TAMS 0x00000000ceb00000, 0x00000000ceb00000|
| 152|0x00000000cec00000, 0x00000000cec00000, 0x00000000ced00000|  0%| F|  |TS20037|AC  0|TAMS 0x00000000cec00000, 0x00000000cec00000|
| 153|0x00000000ced00000, 0x00000000ced00000, 0x00000000cee00000|  0%| F|  |TS20037|AC  0|TAMS 0x00000000ced00000, 0x00000000ced00000|
| 154|0x00000000cee00000, 0x00000000cee00000, 0x00000000cef00000|  0%| F|  |TS20037|AC  0|TAMS 0x00000000cee00000, 0x00000000cee00000|
| 155|0x00000000cef00000, 0x00000000cef00000, 0x00000000cf000000|  0%| F|  |TS20037|AC  0|TAMS 0x00000000cef00000, 0x00000000cef00000|
| 156|0x00000000cf000000, 0x00000000cf000000, 0x00000000cf100000|  0%| F|  |TS20037|AC  0|TAMS 0x00000000cf000000, 0x00000000cf000000|
| 157|0x00000000cf100000, 0x00000000cf100000, 0x00000000cf200000|  0%| F|  |TS20037|AC  0|TAMS 0x00000000cf100000, 0x00000000cf100000|
| 158|0x00000000cf200000, 0x00000000cf200000, 0x00000000cf300000|  0%| F|  |TS20037|AC  0|TAMS 0x00000000cf200000, 0x00000000cf200000|
| 159|0x00000000cf300000, 0x00000000cf300000, 0x00000000cf400000|  0%| F|  |TS20037|AC  0|TAMS 0x00000000cf300000, 0x00000000cf300000|
| 160|0x00000000cf400000, 0x00000000cf400000, 0x00000000cf500000|  0%| F|  |TS20037|AC  0|TAMS 0x00000000cf400000, 0x00000000cf400000|
| 161|0x00000000cf500000, 0x00000000cf500000, 0x00000000cf600000|  0%| F|  |TS20037|AC  0|TAMS 0x00000000cf500000, 0x00000000cf500000|
| 162|0x00000000cf600000, 0x00000000cf600000, 0x00000000cf700000|  0%| F|  |TS20037|AC  0|TAMS 0x00000000cf600000, 0x00000000cf600000|
| 163|0x00000000cf700000, 0x00000000cf700000, 0x00000000cf800000|  0%| F|  |TS20037|AC  0|TAMS 0x00000000cf700000, 0x00000000cf700000|
| 164|0x00000000cf800000, 0x00000000cf800000, 0x00000000cf900000|  0%| F|  |TS20037|AC  0|TAMS 0x00000000cf800000, 0x00000000cf800000|
| 165|0x00000000cf900000, 0x00000000cf900000, 0x00000000cfa00000|  0%| F|  |TS20037|AC  0|TAMS 0x00000000cf900000, 0x00000000cf900000|
| 166|0x00000000cfa00000, 0x00000000cfa00000, 0x00000000cfb00000|  0%| F|  |TS20037|AC  0|TAMS 0x00000000cfa00000, 0x00000000cfa00000|
| 167|0x00000000cfb00000, 0x00000000cfb00000, 0x00000000cfc00000|  0%| F|  |TS20037|AC  0|TAMS 0x00000000cfb00000, 0x00000000cfb00000|
| 168|0x00000000cfc00000, 0x00000000cfc00000, 0x00000000cfd00000|  0%| F|  |TS20037|AC  0|TAMS 0x00000000cfc00000, 0x00000000cfc00000|
| 169|0x00000000cfd00000, 0x00000000cfd00000, 0x00000000cfe00000|  0%| F|  |TS20037|AC  0|TAMS 0x00000000cfd00000, 0x00000000cfd00000|
| 170|0x00000000cfe00000, 0x00000000cfe00000, 0x00000000cff00000|  0%| F|  |TS20037|AC  0|TAMS 0x00000000cfe00000, 0x00000000cfe00000|
| 171|0x00000000cff00000, 0x00000000cff00000, 0x00000000d0000000|  0%| F|  |TS20037|AC  0|TAMS 0x00000000cff00000, 0x00000000cff00000|
| 172|0x00000000d0000000, 0x00000000d0000000, 0x00000000d0100000|  0%| F|  |TS20037|AC  0|TAMS 0x00000000d0000000, 0x00000000d0000000|
| 173|0x00000000d0100000, 0x00000000d0100000, 0x00000000d0200000|  0%| F|  |TS20037|AC  0|TAMS 0x00000000d0100000, 0x00000000d0100000|
| 174|0x00000000d0200000, 0x00000000d0200000, 0x00000000d0300000|  0%| F|  |TS20037|AC  0|TAMS 0x00000000d0200000, 0x00000000d0200000|
| 175|0x00000000d0300000, 0x00000000d0300000, 0x00000000d0400000|  0%| F|  |TS20037|AC  0|TAMS 0x00000000d0300000, 0x00000000d0300000|
| 176|0x00000000d0400000, 0x00000000d0400000, 0x00000000d0500000|  0%| F|  |TS20037|AC  0|TAMS 0x00000000d0400000, 0x00000000d0400000|
| 177|0x00000000d0500000, 0x00000000d0500000, 0x00000000d0600000|  0%| F|  |TS20037|AC  0|TAMS 0x00000000d0500000, 0x00000000d0500000|
| 178|0x00000000d0600000, 0x00000000d0600000, 0x00000000d0700000|  0%| F|  |TS20037|AC  0|TAMS 0x00000000d0600000, 0x00000000d0600000|
| 179|0x00000000d0700000, 0x00000000d0700000, 0x00000000d0800000|  0%| F|  |TS20037|AC  0|TAMS 0x00000000d0700000, 0x00000000d0700000|
| 180|0x00000000d0800000, 0x00000000d0800000, 0x00000000d0900000|  0%| F|  |TS20037|AC  0|TAMS 0x00000000d0800000, 0x00000000d0800000|
| 181|0x00000000d0900000, 0x00000000d0900000, 0x00000000d0a00000|  0%| F|  |TS20037|AC  0|TAMS 0x00000000d0900000, 0x00000000d0900000|
| 182|0x00000000d0a00000, 0x00000000d0a00000, 0x00000000d0b00000|  0%| F|  |TS20037|AC  0|TAMS 0x00000000d0a00000, 0x00000000d0a00000|
| 183|0x00000000d0b00000, 0x00000000d0b00000, 0x00000000d0c00000|  0%| F|  |TS20037|AC  0|TAMS 0x00000000d0b00000, 0x00000000d0b00000|
| 184|0x00000000d0c00000, 0x00000000d0c00000, 0x00000000d0d00000|  0%| F|  |TS20037|AC  0|TAMS 0x00000000d0c00000, 0x00000000d0c00000|
| 185|0x00000000d0d00000, 0x00000000d0d00000, 0x00000000d0e00000|  0%| F|  |TS20037|AC  0|TAMS 0x00000000d0d00000, 0x00000000d0d00000|
| 186|0x00000000d0e00000, 0x00000000d0e00000, 0x00000000d0f00000|  0%| F|  |TS20037|AC  0|TAMS 0x00000000d0e00000, 0x00000000d0e00000|
| 187|0x00000000d0f00000, 0x00000000d0f00000, 0x00000000d1000000|  0%| F|  |TS20037|AC  0|TAMS 0x00000000d0f00000, 0x00000000d0f00000|
| 188|0x00000000d1000000, 0x00000000d1000000, 0x00000000d1100000|  0%| F|  |TS20037|AC  0|TAMS 0x00000000d1000000, 0x00000000d1000000|
| 189|0x00000000d1100000, 0x00000000d1100000, 0x00000000d1200000|  0%| F|  |TS20037|AC  0|TAMS 0x00000000d1100000, 0x00000000d1100000|
| 190|0x00000000d1200000, 0x00000000d1200000, 0x00000000d1300000|  0%| F|  |TS20037|AC  0|TAMS 0x00000000d1200000, 0x00000000d1200000|
| 191|0x00000000d1300000, 0x00000000d1300000, 0x00000000d1400000|  0%| F|  |TS20037|AC  0|TAMS 0x00000000d1300000, 0x00000000d1300000|
| 192|0x00000000d1400000, 0x00000000d1400000, 0x00000000d1500000|  0%| F|  |TS20037|AC  0|TAMS 0x00000000d1400000, 0x00000000d1400000|
| 193|0x00000000d1500000, 0x00000000d1500000, 0x00000000d1600000|  0%| F|  |TS20037|AC  0|TAMS 0x00000000d1500000, 0x00000000d1500000|
| 194|0x00000000d1600000, 0x00000000d1600000, 0x00000000d1700000|  0%| F|  |TS20037|AC  0|TAMS 0x00000000d1600000, 0x00000000d1600000|
| 195|0x00000000d1700000, 0x00000000d1700000, 0x00000000d1800000|  0%| F|  |TS20037|AC  0|TAMS 0x00000000d1700000, 0x00000000d1700000|
| 196|0x00000000d1800000, 0x00000000d1800000, 0x00000000d1900000|  0%| F|  |TS20037|AC  0|TAMS 0x00000000d1800000, 0x00000000d1800000|
| 197|0x00000000d1900000, 0x00000000d1900000, 0x00000000d1a00000|  0%| F|  |TS20037|AC  0|TAMS 0x00000000d1900000, 0x00000000d1900000|
| 198|0x00000000d1a00000, 0x00000000d1a00000, 0x00000000d1b00000|  0%| F|  |TS20037|AC  0|TAMS 0x00000000d1a00000, 0x00000000d1a00000|
| 199|0x00000000d1b00000, 0x00000000d1b00000, 0x00000000d1c00000|  0%| F|  |TS20037|AC  0|TAMS 0x00000000d1b00000, 0x00000000d1b00000|
| 200|0x00000000d1c00000, 0x00000000d1c00000, 0x00000000d1d00000|  0%| F|  |TS20037|AC  0|TAMS 0x00000000d1c00000, 0x00000000d1c00000|
| 201|0x00000000d1d00000, 0x00000000d1d00000, 0x00000000d1e00000|  0%| F|  |TS20037|AC  0|TAMS 0x00000000d1d00000, 0x00000000d1d00000|
| 202|0x00000000d1e00000, 0x00000000d1e00000, 0x00000000d1f00000|  0%| F|  |TS20037|AC  0|TAMS 0x00000000d1e00000, 0x00000000d1e00000|
| 203|0x00000000d1f00000, 0x00000000d1f00000, 0x00000000d2000000|  0%| F|  |TS20047|AC  0|TAMS 0x00000000d1f00000, 0x00000000d1f00000|
| 204|0x00000000d2000000, 0x00000000d2000000, 0x00000000d2100000|  0%| F|  |TS20049|AC  0|TAMS 0x00000000d2000000, 0x00000000d2000000|
| 205|0x00000000d2100000, 0x00000000d2100000, 0x00000000d2200000|  0%| F|  |TS20047|AC  0|TAMS 0x00000000d2100000, 0x00000000d2100000|
| 206|0x00000000d2200000, 0x00000000d2200000, 0x00000000d2300000|  0%| F|  |TS20047|AC  0|TAMS 0x00000000d2200000, 0x00000000d2200000|
| 207|0x00000000d2300000, 0x00000000d2300000, 0x00000000d2400000|  0%| F|  |TS20047|AC  0|TAMS 0x00000000d2300000, 0x00000000d2300000|
| 208|0x00000000d2400000, 0x00000000d2400000, 0x00000000d2500000|  0%| F|  |TS20047|AC  0|TAMS 0x00000000d2400000, 0x00000000d2400000|
| 209|0x00000000d2500000, 0x00000000d2500000, 0x00000000d2600000|  0%| F|  |TS20047|AC  0|TAMS 0x00000000d2500000, 0x00000000d2500000|
| 210|0x00000000d2600000, 0x00000000d2600000, 0x00000000d2700000|  0%| F|  |TS20047|AC  0|TAMS 0x00000000d2600000, 0x00000000d2600000|
| 211|0x00000000d2700000, 0x00000000d2700000, 0x00000000d2800000|  0%| F|  |TS20047|AC  0|TAMS 0x00000000d2700000, 0x00000000d2700000|
| 212|0x00000000d2800000, 0x00000000d2800000, 0x00000000d2900000|  0%| F|  |TS20047|AC  0|TAMS 0x00000000d2800000, 0x00000000d2800000|
| 213|0x00000000d2900000, 0x00000000d2900000, 0x00000000d2a00000|  0%| F|  |TS20047|AC  0|TAMS 0x00000000d2900000, 0x00000000d2900000|
| 214|0x00000000d2a00000, 0x00000000d2a00000, 0x00000000d2b00000|  0%| F|  |TS20047|AC  0|TAMS 0x00000000d2a00000, 0x00000000d2a00000|
| 215|0x00000000d2b00000, 0x00000000d2b00000, 0x00000000d2c00000|  0%| F|  |TS20047|AC  0|TAMS 0x00000000d2b00000, 0x00000000d2b00000|
| 216|0x00000000d2c00000, 0x00000000d2c00000, 0x00000000d2d00000|  0%| F|  |TS20047|AC  0|TAMS 0x00000000d2c00000, 0x00000000d2c00000|
| 217|0x00000000d2d00000, 0x00000000d2d00000, 0x00000000d2e00000|  0%| F|  |TS20047|AC  0|TAMS 0x00000000d2d00000, 0x00000000d2d00000|
| 218|0x00000000d2e00000, 0x00000000d2e00000, 0x00000000d2f00000|  0%| F|  |TS20047|AC  0|TAMS 0x00000000d2e00000, 0x00000000d2e00000|
| 219|0x00000000d2f00000, 0x00000000d2f00000, 0x00000000d3000000|  0%| F|  |TS20047|AC  0|TAMS 0x00000000d2f00000, 0x00000000d2f00000|
| 220|0x00000000d3000000, 0x00000000d3000000, 0x00000000d3100000|  0%| F|  |TS20047|AC  0|TAMS 0x00000000d3000000, 0x00000000d3000000|
| 221|0x00000000d3100000, 0x00000000d3100000, 0x00000000d3200000|  0%| F|  |TS20047|AC  0|TAMS 0x00000000d3100000, 0x00000000d3100000|
| 222|0x00000000d3200000, 0x00000000d3200000, 0x00000000d3300000|  0%| F|  |TS20047|AC  0|TAMS 0x00000000d3200000, 0x00000000d3200000|
| 223|0x00000000d3300000, 0x00000000d3300000, 0x00000000d3400000|  0%| F|  |TS20047|AC  0|TAMS 0x00000000d3300000, 0x00000000d3300000|
| 224|0x00000000d3400000, 0x00000000d3400000, 0x00000000d3500000|  0%| F|  |TS20047|AC  0|TAMS 0x00000000d3400000, 0x00000000d3400000|
| 225|0x00000000d3500000, 0x00000000d3500000, 0x00000000d3600000|  0%| F|  |TS20047|AC  0|TAMS 0x00000000d3500000, 0x00000000d3500000|
| 226|0x00000000d3600000, 0x00000000d3600000, 0x00000000d3700000|  0%| F|  |TS20047|AC  0|TAMS 0x00000000d3600000, 0x00000000d3600000|
| 227|0x00000000d3700000, 0x00000000d3700000, 0x00000000d3800000|  0%| F|  |TS20047|AC  0|TAMS 0x00000000d3700000, 0x00000000d3700000|
| 228|0x00000000d3800000, 0x00000000d3800000, 0x00000000d3900000|  0%| F|  |TS20047|AC  0|TAMS 0x00000000d3800000, 0x00000000d3800000|
| 229|0x00000000d3900000, 0x00000000d3900000, 0x00000000d3a00000|  0%| F|  |TS20047|AC  0|TAMS 0x00000000d3900000, 0x00000000d3900000|
| 230|0x00000000d3a00000, 0x00000000d3a00000, 0x00000000d3b00000|  0%| F|  |TS20047|AC  0|TAMS 0x00000000d3a00000, 0x00000000d3a00000|
| 231|0x00000000d3b00000, 0x00000000d3b00000, 0x00000000d3c00000|  0%| F|  |TS20047|AC  0|TAMS 0x00000000d3b00000, 0x00000000d3b00000|
| 232|0x00000000d3c00000, 0x00000000d3c00000, 0x00000000d3d00000|  0%| F|  |TS20047|AC  0|TAMS 0x00000000d3c00000, 0x00000000d3c00000|
| 233|0x00000000d3d00000, 0x00000000d3d00000, 0x00000000d3e00000|  0%| F|  |TS20047|AC  0|TAMS 0x00000000d3d00000, 0x00000000d3d00000|
| 234|0x00000000d3e00000, 0x00000000d3e00000, 0x00000000d3f00000|  0%| F|  |TS20047|AC  0|TAMS 0x00000000d3e00000, 0x00000000d3e00000|
| 235|0x00000000d3f00000, 0x00000000d3f00000, 0x00000000d4000000|  0%| F|  |TS20047|AC  0|TAMS 0x00000000d3f00000, 0x00000000d3f00000|
| 236|0x00000000d4000000, 0x00000000d4000000, 0x00000000d4100000|  0%| F|  |TS20047|AC  0|TAMS 0x00000000d4000000, 0x00000000d4000000|
| 237|0x00000000d4100000, 0x00000000d4100000, 0x00000000d4200000|  0%| F|  |TS20047|AC  0|TAMS 0x00000000d4100000, 0x00000000d4100000|
| 238|0x00000000d4200000, 0x00000000d4200000, 0x00000000d4300000|  0%| F|  |TS20047|AC  0|TAMS 0x00000000d4200000, 0x00000000d4200000|
| 239|0x00000000d4300000, 0x00000000d4300000, 0x00000000d4400000|  0%| F|  |TS20047|AC  0|TAMS 0x00000000d4300000, 0x00000000d4300000|
| 240|0x00000000d4400000, 0x00000000d4400000, 0x00000000d4500000|  0%| F|  |TS20047|AC  0|TAMS 0x00000000d4400000, 0x00000000d4400000|
| 241|0x00000000d4500000, 0x00000000d4500000, 0x00000000d4600000|  0%| F|  |TS20047|AC  0|TAMS 0x00000000d4500000, 0x00000000d4500000|
| 242|0x00000000d4600000, 0x00000000d4600000, 0x00000000d4700000|  0%| F|  |TS20047|AC  0|TAMS 0x00000000d4600000, 0x00000000d4600000|
| 243|0x00000000d4700000, 0x00000000d4700000, 0x00000000d4800000|  0%| F|  |TS20047|AC  0|TAMS 0x00000000d4700000, 0x00000000d4700000|
| 244|0x00000000d4800000, 0x00000000d4800000, 0x00000000d4900000|  0%| F|  |TS20047|AC  0|TAMS 0x00000000d4800000, 0x00000000d4800000|
| 245|0x00000000d4900000, 0x00000000d4900000, 0x00000000d4a00000|  0%| F|  |TS20047|AC  0|TAMS 0x00000000d4900000, 0x00000000d4900000|
| 246|0x00000000d4a00000, 0x00000000d4a00000, 0x00000000d4b00000|  0%| F|  |TS20047|AC  0|TAMS 0x00000000d4a00000, 0x00000000d4a00000|
| 247|0x00000000d4b00000, 0x00000000d4b00000, 0x00000000d4c00000|  0%| F|  |TS20047|AC  0|TAMS 0x00000000d4b00000, 0x00000000d4b00000|
| 248|0x00000000d4c00000, 0x00000000d4c00000, 0x00000000d4d00000|  0%| F|  |TS20047|AC  0|TAMS 0x00000000d4c00000, 0x00000000d4c00000|
| 249|0x00000000d4d00000, 0x00000000d4d00000, 0x00000000d4e00000|  0%| F|  |TS20047|AC  0|TAMS 0x00000000d4d00000, 0x00000000d4d00000|
| 250|0x00000000d4e00000, 0x00000000d4e00000, 0x00000000d4f00000|  0%| F|  |TS20047|AC  0|TAMS 0x00000000d4e00000, 0x00000000d4e00000|
| 251|0x00000000d4f00000, 0x00000000d4f00000, 0x00000000d5000000|  0%| F|  |TS20047|AC  0|TAMS 0x00000000d4f00000, 0x00000000d4f00000|
| 252|0x00000000d5000000, 0x00000000d5000000, 0x00000000d5100000|  0%| F|  |TS20047|AC  0|TAMS 0x00000000d5000000, 0x00000000d5000000|
| 253|0x00000000d5100000, 0x00000000d5100000, 0x00000000d5200000|  0%| F|  |TS20047|AC  0|TAMS 0x00000000d5100000, 0x00000000d5100000|
| 254|0x00000000d5200000, 0x00000000d5200000, 0x00000000d5300000|  0%| F|  |TS20047|AC  0|TAMS 0x00000000d5200000, 0x00000000d5200000|
| 255|0x00000000d5300000, 0x00000000d5300000, 0x00000000d5400000|  0%| F|  |TS20047|AC  0|TAMS 0x00000000d5300000, 0x00000000d5300000|
| 256|0x00000000d5400000, 0x00000000d5400000, 0x00000000d5500000|  0%| F|  |TS20081|AC  0|TAMS 0x00000000d5400000, 0x00000000d5400000|
| 257|0x00000000d5500000, 0x00000000d5500000, 0x00000000d5600000|  0%| F|  |TS20081|AC  0|TAMS 0x00000000d5500000, 0x00000000d5500000|
| 258|0x00000000d5600000, 0x00000000d5600000, 0x00000000d5700000|  0%| F|  |TS20081|AC  0|TAMS 0x00000000d5600000, 0x00000000d5600000|
| 259|0x00000000d5700000, 0x00000000d5700000, 0x00000000d5800000|  0%| F|  |TS20081|AC  0|TAMS 0x00000000d5700000, 0x00000000d5700000|
| 260|0x00000000d5800000, 0x00000000d5800000, 0x00000000d5900000|  0%| F|  |TS20079|AC  0|TAMS 0x00000000d5800000, 0x00000000d5800000|
| 261|0x00000000d5900000, 0x00000000d5900000, 0x00000000d5a00000|  0%| F|  |TS20079|AC  0|TAMS 0x00000000d5900000, 0x00000000d5900000|
| 262|0x00000000d5a00000, 0x00000000d5a00000, 0x00000000d5b00000|  0%| F|  |TS20079|AC  0|TAMS 0x00000000d5a00000, 0x00000000d5a00000|
| 263|0x00000000d5b00000, 0x00000000d5b00000, 0x00000000d5c00000|  0%| F|  |TS20089|AC  0|TAMS 0x00000000d5b00000, 0x00000000d5b00000|
| 264|0x00000000d5c00000, 0x00000000d5c00000, 0x00000000d5d00000|  0%| F|  |TS20089|AC  0|TAMS 0x00000000d5c00000, 0x00000000d5c00000|
| 265|0x00000000d5d00000, 0x00000000d5d00000, 0x00000000d5e00000|  0%| F|  |TS20089|AC  0|TAMS 0x00000000d5d00000, 0x00000000d5d00000|
| 266|0x00000000d5e00000, 0x00000000d5e00000, 0x00000000d5f00000|  0%| F|  |TS20087|AC  0|TAMS 0x00000000d5e00000, 0x00000000d5e00000|
| 267|0x00000000d5f00000, 0x00000000d5f00000, 0x00000000d6000000|  0%| F|  |TS20087|AC  0|TAMS 0x00000000d5f00000, 0x00000000d5f00000|
| 268|0x00000000d6000000, 0x00000000d6000000, 0x00000000d6100000|  0%| F|  |TS20087|AC  0|TAMS 0x00000000d6000000, 0x00000000d6000000|
| 269|0x00000000d6100000, 0x00000000d6100000, 0x00000000d6200000|  0%| F|  |TS20087|AC  0|TAMS 0x00000000d6100000, 0x00000000d6100000|
| 270|0x00000000d6200000, 0x00000000d6200000, 0x00000000d6300000|  0%| F|  |TS20087|AC  0|TAMS 0x00000000d6200000, 0x00000000d6200000|
| 271|0x00000000d6300000, 0x00000000d6300000, 0x00000000d6400000|  0%| F|  |TS20087|AC  0|TAMS 0x00000000d6300000, 0x00000000d6300000|
| 272|0x00000000d6400000, 0x00000000d6400000, 0x00000000d6500000|  0%| F|  |TS20087|AC  0|TAMS 0x00000000d6400000, 0x00000000d6400000|
| 273|0x00000000d6500000, 0x00000000d6500000, 0x00000000d6600000|  0%| F|  |TS20087|AC  0|TAMS 0x00000000d6500000, 0x00000000d6500000|
| 274|0x00000000d6600000, 0x00000000d6600000, 0x00000000d6700000|  0%| F|  |TS20087|AC  0|TAMS 0x00000000d6600000, 0x00000000d6600000|
| 275|0x00000000d6700000, 0x00000000d6700000, 0x00000000d6800000|  0%| F|  |TS20087|AC  0|TAMS 0x00000000d6700000, 0x00000000d6700000|
| 276|0x00000000d6800000, 0x00000000d6800000, 0x00000000d6900000|  0%| F|  |TS20087|AC  0|TAMS 0x00000000d6800000, 0x00000000d6800000|
| 277|0x00000000d6900000, 0x00000000d6900000, 0x00000000d6a00000|  0%| F|  |TS20087|AC  0|TAMS 0x00000000d6900000, 0x00000000d6900000|
| 278|0x00000000d6a00000, 0x00000000d6a00000, 0x00000000d6b00000|  0%| F|  |TS20087|AC  0|TAMS 0x00000000d6a00000, 0x00000000d6a00000|
| 279|0x00000000d6b00000, 0x00000000d6b00000, 0x00000000d6c00000|  0%| F|  |TS20087|AC  0|TAMS 0x00000000d6b00000, 0x00000000d6b00000|
| 280|0x00000000d6c00000, 0x00000000d6c00000, 0x00000000d6d00000|  0%| F|  |TS20087|AC  0|TAMS 0x00000000d6c00000, 0x00000000d6c00000|
| 281|0x00000000d6d00000, 0x00000000d6d00000, 0x00000000d6e00000|  0%| F|  |TS20087|AC  0|TAMS 0x00000000d6d00000, 0x00000000d6d00000|
| 282|0x00000000d6e00000, 0x00000000d6e00000, 0x00000000d6f00000|  0%| F|  |TS20087|AC  0|TAMS 0x00000000d6e00000, 0x00000000d6e00000|
| 283|0x00000000d6f00000, 0x00000000d6f00000, 0x00000000d7000000|  0%| F|  |TS20087|AC  0|TAMS 0x00000000d6f00000, 0x00000000d6f00000|
| 284|0x00000000d7000000, 0x00000000d7000000, 0x00000000d7100000|  0%| F|  |TS20087|AC  0|TAMS 0x00000000d7000000, 0x00000000d7000000|
| 285|0x00000000d7100000, 0x00000000d7100000, 0x00000000d7200000|  0%| F|  |TS20087|AC  0|TAMS 0x00000000d7100000, 0x00000000d7100000|
| 286|0x00000000d7200000, 0x00000000d7200000, 0x00000000d7300000|  0%| F|  |TS20087|AC  0|TAMS 0x00000000d7200000, 0x00000000d7200000|
| 287|0x00000000d7300000, 0x00000000d7300000, 0x00000000d7400000|  0%| F|  |TS20087|AC  0|TAMS 0x00000000d7300000, 0x00000000d7300000|
| 288|0x00000000d7400000, 0x00000000d7400000, 0x00000000d7500000|  0%| F|  |TS20087|AC  0|TAMS 0x00000000d7400000, 0x00000000d7400000|
| 289|0x00000000d7500000, 0x00000000d7500000, 0x00000000d7600000|  0%| F|  |TS20087|AC  0|TAMS 0x00000000d7500000, 0x00000000d7500000|
| 290|0x00000000d7600000, 0x00000000d7600000, 0x00000000d7700000|  0%| F|  |TS20087|AC  0|TAMS 0x00000000d7600000, 0x00000000d7600000|
| 291|0x00000000d7700000, 0x00000000d7700000, 0x00000000d7800000|  0%| F|  |TS20087|AC  0|TAMS 0x00000000d7700000, 0x00000000d7700000|
| 292|0x00000000d7800000, 0x00000000d7800000, 0x00000000d7900000|  0%| F|  |TS20087|AC  0|TAMS 0x00000000d7800000, 0x00000000d7800000|
| 293|0x00000000d7900000, 0x00000000d7900000, 0x00000000d7a00000|  0%| F|  |TS20087|AC  0|TAMS 0x00000000d7900000, 0x00000000d7900000|
| 294|0x00000000d7a00000, 0x00000000d7a00000, 0x00000000d7b00000|  0%| F|  |TS20087|AC  0|TAMS 0x00000000d7a00000, 0x00000000d7a00000|
| 295|0x00000000d7b00000, 0x00000000d7b00000, 0x00000000d7c00000|  0%| F|  |TS20087|AC  0|TAMS 0x00000000d7b00000, 0x00000000d7b00000|
| 296|0x00000000d7c00000, 0x00000000d7c00000, 0x00000000d7d00000|  0%| F|  |TS20087|AC  0|TAMS 0x00000000d7c00000, 0x00000000d7c00000|
| 297|0x00000000d7d00000, 0x00000000d7d00000, 0x00000000d7e00000|  0%| F|  |TS20087|AC  0|TAMS 0x00000000d7d00000, 0x00000000d7d00000|
| 298|0x00000000d7e00000, 0x00000000d7e00000, 0x00000000d7f00000|  0%| F|  |TS20093|AC  0|TAMS 0x00000000d7e00000, 0x00000000d7e00000|
| 299|0x00000000d7f00000, 0x00000000d7f00000, 0x00000000d8000000|  0%| F|  |TS20101|AC  0|TAMS 0x00000000d7f00000, 0x00000000d7f00000|
| 300|0x00000000d8000000, 0x00000000d80e2b20, 0x00000000d8100000| 88%| S|CS|TS20101|AC  0|TAMS 0x00000000d8000000, 0x00000000d8000000|
| 301|0x00000000d8100000, 0x00000000d8100000, 0x00000000d8200000|  0%| F|  |TS20101|AC  0|TAMS 0x00000000d8100000, 0x00000000d8100000|
| 302|0x00000000d8200000, 0x00000000d8200000, 0x00000000d8300000|  0%| F|  |TS20101|AC  0|TAMS 0x00000000d8200000, 0x00000000d8200000|
| 303|0x00000000d8300000, 0x00000000d8300000, 0x00000000d8400000|  0%| F|  |TS20101|AC  0|TAMS 0x00000000d8300000, 0x00000000d8300000|
| 304|0x00000000d8400000, 0x00000000d8400000, 0x00000000d8500000|  0%| F|  |TS20101|AC  0|TAMS 0x00000000d8400000, 0x00000000d8400000|
| 305|0x00000000d8500000, 0x00000000d8500000, 0x00000000d8600000|  0%| F|  |TS20101|AC  0|TAMS 0x00000000d8500000, 0x00000000d8500000|
| 306|0x00000000d8600000, 0x00000000d8600000, 0x00000000d8700000|  0%| F|  |TS20101|AC  0|TAMS 0x00000000d8600000, 0x00000000d8600000|
| 307|0x00000000d8700000, 0x00000000d8700000, 0x00000000d8800000|  0%| F|  |TS20101|AC  0|TAMS 0x00000000d8700000, 0x00000000d8700000|
| 308|0x00000000d8800000, 0x00000000d8800000, 0x00000000d8900000|  0%| F|  |TS20101|AC  0|TAMS 0x00000000d8800000, 0x00000000d8800000|
| 309|0x00000000d8900000, 0x00000000d8900000, 0x00000000d8a00000|  0%| F|  |TS20101|AC  0|TAMS 0x00000000d8900000, 0x00000000d8900000|
| 310|0x00000000d8a00000, 0x00000000d8a00000, 0x00000000d8b00000|  0%| F|  |TS20101|AC  0|TAMS 0x00000000d8a00000, 0x00000000d8a00000|
| 311|0x00000000d8b00000, 0x00000000d8b00000, 0x00000000d8c00000|  0%| F|  |TS20101|AC  0|TAMS 0x00000000d8b00000, 0x00000000d8b00000|
| 312|0x00000000d8c00000, 0x00000000d8c00000, 0x00000000d8d00000|  0%| F|  |TS20101|AC  0|TAMS 0x00000000d8c00000, 0x00000000d8c00000|
| 313|0x00000000d8d00000, 0x00000000d8d00000, 0x00000000d8e00000|  0%| F|  |TS20101|AC  0|TAMS 0x00000000d8d00000, 0x00000000d8d00000|
| 314|0x00000000d8e00000, 0x00000000d8e00000, 0x00000000d8f00000|  0%| F|  |TS20101|AC  0|TAMS 0x00000000d8e00000, 0x00000000d8e00000|

Card table byte_map: [0x00007f97b7689000,0x00007f97b785f000] byte_map_base: 0x00007f97b705f000

Marking Bits (Prev, Next): (CMBitMap*) 0x00007f97d0068b48, (CMBitMap*) 0x00007f97d0068b10
 Prev Bits: [0x00007f97b5753000, 0x00007f97b6603000)
 Next Bits: [0x00007f97b6603000, 0x00007f97b74b3000)

Polling page: 0x00007f97d8ecb000

CodeHeap 'non-profiled nmethods': size=120032Kb used=7818Kb max_used=7829Kb free=112213Kb
 bounds [0x00007f97bf4fd000, 0x00007f97bfccd000, 0x00007f97c6a35000]
CodeHeap 'profiled nmethods': size=120032Kb used=6970Kb max_used=13640Kb free=113061Kb
 bounds [0x00007f97b7fc5000, 0x00007f97b8d25000, 0x00007f97bf4fd000]
CodeHeap 'non-nmethods': size=5696Kb used=1273Kb max_used=1354Kb free=4422Kb
 bounds [0x00007f97b7a35000, 0x00007f97b7ca5000, 0x00007f97b7fc5000]
 total_blobs=10575 nmethods=4771 adapters=385
 compilation: enabled

Compilation events (10 events):
Event: 54101.790 Thread 0x00007f97d0135800 6658       4       java.util.concurrent.ConcurrentSkipListMap::findPredecessor (125 bytes)
Event: 54101.819 Thread 0x00007f97d0135800 nmethod 6658 0x00007f97bfc3f010 code [0x00007f97bfc3f1e0, 0x00007f97bfc3f638]
Event: 55704.896 Thread 0x00007f97d0133800 6659       4       sun.net.www.MeteredStream::close (35 bytes)
Event: 55704.909 Thread 0x00007f97d0133800 nmethod 6659 0x00007f97bf813d10 code [0x00007f97bf813ec0, 0x00007f97bf814108]
Event: 56567.958 Thread 0x00007f97d0135800 6660   !   4       java.net.Socket::createImpl (41 bytes)
Event: 56568.134 Thread 0x00007f97d0135800 nmethod 6660 0x00007f97bfc3e690 code [0x00007f97bfc3e840, 0x00007f97bfc3ed88]
Event: 66880.541 Thread 0x00007f97d0133800 6661       4       java.net.InetAddress$CachedAddresses::compareTo (9 bytes)
Event: 66880.542 Thread 0x00007f97d0133800 nmethod 6661 0x00007f97bf75aa90 code [0x00007f97bf75ac40, 0x00007f97bf75ad98]
Event: 71649.636 Thread 0x00007f97d0135800 6662       4       jdk.internal.misc.InnocuousThread::eraseThreadLocals (23 bytes)
Event: 71649.949 Thread 0x00007f97d0135800 nmethod 6662 0x00007f97bf941510 code [0x00007f97bf9416a0, 0x00007f97bf9417b8]

GC Heap History (10 events):
Event: 73829.501 GC heap after
{Heap after GC invocations=10065 (full 0):
 garbage-first heap   total 322560K, used 13454K [0x00000000c5400000, 0x00000000c55009d8, 0x0000000100000000)
  region size 1024K, 2 young (2048K), 2 survivors (2048K)
 Metaspace       used 21262K, capacity 22104K, committed 22320K, reserved 1069056K
  class space    used 1860K, capacity 2058K, committed 2176K, reserved 1048576K
}
Event: 73832.011 GC heap before
{Heap before GC invocations=10065 (full 0):
 garbage-first heap   total 322560K, used 26766K [0x00000000c5400000, 0x00000000c55009d8, 0x0000000100000000)
  region size 1024K, 15 young (15360K), 2 survivors (2048K)
 Metaspace       used 21262K, capacity 22104K, committed 22320K, reserved 1069056K
  class space    used 1860K, capacity 2058K, committed 2176K, reserved 1048576K
}
Event: 73832.013 GC heap after
{Heap after GC invocations=10066 (full 0):
 garbage-first heap   total 322560K, used 13223K [0x00000000c5400000, 0x00000000c55009d8, 0x0000000100000000)
  region size 1024K, 1 young (1024K), 1 survivors (1024K)
 Metaspace       used 21262K, capacity 22104K, committed 22320K, reserved 1069056K
  class space    used 1860K, capacity 2058K, committed 2176K, reserved 1048576K
}
Event: 73834.894 GC heap before
{Heap before GC invocations=10066 (full 0):
 garbage-first heap   total 322560K, used 27559K [0x00000000c5400000, 0x00000000c55009d8, 0x0000000100000000)
  region size 1024K, 15 young (15360K), 1 survivors (1024K)
 Metaspace       used 21262K, capacity 22104K, committed 22320K, reserved 1069056K
  class space    used 1860K, capacity 2058K, committed 2176K, reserved 1048576K
}
Event: 73834.898 GC heap after
{Heap after GC invocations=10067 (full 0):
 garbage-first heap   total 322560K, used 13288K [0x00000000c5400000, 0x00000000c55009d8, 0x0000000100000000)
  region size 1024K, 1 young (1024K), 1 survivors (1024K)
 Metaspace       used 21262K, capacity 22104K, committed 22320K, reserved 1069056K
  class space    used 1860K, capacity 2058K, committed 2176K, reserved 1048576K
}
Event: 73837.926 GC heap before
{Heap before GC invocations=10067 (full 0):
 garbage-first heap   total 322560K, used 27624K [0x00000000c5400000, 0x00000000c55009d8, 0x0000000100000000)
  region size 1024K, 15 young (15360K), 1 survivors (1024K)
 Metaspace       used 21262K, capacity 22104K, committed 22320K, reserved 1069056K
  class space    used 1860K, capacity 2058K, committed 2176K, reserved 1048576K
}
Event: 73837.930 GC heap after
{Heap after GC invocations=10068 (full 0):
 garbage-first heap   total 322560K, used 13288K [0x00000000c5400000, 0x00000000c55009d8, 0x0000000100000000)
  region size 1024K, 1 young (1024K), 1 survivors (1024K)
 Metaspace       used 21262K, capacity 22104K, committed 22320K, reserved 1069056K
  class space    used 1860K, capacity 2058K, committed 2176K, reserved 1048576K
}
Event: 73840.895 GC heap before
{Heap before GC invocations=10068 (full 0):
 garbage-first heap   total 322560K, used 27624K [0x00000000c5400000, 0x00000000c55009d8, 0x0000000100000000)
  region size 1024K, 15 young (15360K), 1 survivors (1024K)
 Metaspace       used 21262K, capacity 22104K, committed 22320K, reserved 1069056K
  class space    used 1860K, capacity 2058K, committed 2176K, reserved 1048576K
}
Event: 73840.899 GC heap after
{Heap after GC invocations=10069 (full 0):
 garbage-first heap   total 322560K, used 13315K [0x00000000c5400000, 0x00000000c55009d8, 0x0000000100000000)
  region size 1024K, 1 young (1024K), 1 survivors (1024K)
 Metaspace       used 21262K, capacity 22104K, committed 22320K, reserved 1069056K
  class space    used 1860K, capacity 2058K, committed 2176K, reserved 1048576K
}
Event: 73843.471 GC heap before
{Heap before GC invocations=10069 (full 0):
 garbage-first heap   total 322560K, used 27651K [0x00000000c5400000, 0x00000000c55009d8, 0x0000000100000000)
  region size 1024K, 15 young (15360K), 1 survivors (1024K)
 Metaspace       used 21262K, capacity 22104K, committed 22320K, reserved 1069056K
  class space    used 1860K, capacity 2058K, committed 2176K, reserved 1048576K
}

Deoptimization events (10 events):
Event: 24215.447 Thread 0x00007f97d0012000 Uncommon trap: reason=unstable_if action=reinterpret pc=0x00007f97bf8140a4 method=java.lang.String.equals(Ljava/lang/Object;)Z @ 27 c2
Event: 24885.000 Thread 0x00007f97d0012000 Uncommon trap: reason=unstable_if action=reinterpret pc=0x00007f97bfc97bcc method=Log.noPrompt([Ljava/lang/String;)Ljava/lang/String; @ 306 c2
Event: 24885.001 Thread 0x00007f97d0012000 Uncommon trap: reason=unstable_if action=reinterpret pc=0x00007f97bfc420e0 method=MarkovTalk.noPrompt([Ljava/lang/String;)Ljava/lang/String; @ 148 c2
Event: 24885.373 Thread 0x00007f97d0012000 Uncommon trap: reason=unstable_if action=reinterpret pc=0x00007f97bfca52c4 method=MarkovTalk.noPrompt([Ljava/lang/String;)Ljava/lang/String; @ 148 c2
Event: 36514.363 Thread 0x00007f97d0012000 Uncommon trap: reason=unstable_if action=reinterpret pc=0x00007f97bf5a4f80 method=java.util.HashMap.resize()[Ljava/util/HashMap$Node; @ 203 c2
Event: 37110.642 Thread 0x00007f97d0012000 Uncommon trap: reason=unstable_if action=reinterpret pc=0x00007f97bfba0d54 method=java.lang.StringCoding.encodeUTF8(B[B)[B @ 31 c2
Event: 37185.859 Thread 0x00007f97d0012000 Uncommon trap: reason=unstable_if action=reinterpret pc=0x00007f97bfc84f48 method=com.google.gson.stream.JsonWriter.string(Ljava/lang/String;)V @ 143 c2
Event: 39616.414 Thread 0x00007f97d0012000 Uncommon trap: reason=unstable_if action=reinterpret pc=0x00007f97bf95d288 method=java.lang.StringUTF16.compress([BII)[B @ 13 c2
Event: 39616.431 Thread 0x00007f97d0012000 Uncommon trap: reason=unstable_if action=reinterpret pc=0x00007f97bf73f7c8 method=java.lang.StringUTF16.compress([BI[BII)I @ 14 c2
Event: 73605.244 Thread 0x00007f97d1503000 Uncommon trap: reason=unstable_if action=reinterpret pc=0x00007f97bfc4caf4 method=sun.net.www.http.KeepAliveCache.run()V @ 116 c2

Classes redefined (0 events):
No events

Internal exceptions (10 events):
Event: 6.918 Thread 0x00007f97d0012000 Implicit null exception at 0x00007f97bf542cf8 to 0x00007f97bf542d86
Event: 6.919 Thread 0x00007f97d0012000 Implicit null exception at 0x00007f97bf51c12f to 0x00007f97bf51c199
Event: 703.727 Thread 0x00007f97d0012000 Implicit null exception at 0x00007f97bf90dc10 to 0x00007f97bf90f245
Event: 2106.107 Thread 0x00007f97d0012000 Implicit null exception at 0x00007f97bf6f98f8 to 0x00007f97bf6f9e28
Event: 2106.107 Thread 0x00007f97d0012000 Implicit null exception at 0x00007f97bf69b304 to 0x00007f97bf69b38b
Event: 2106.108 Thread 0x00007f97d0012000 Implicit null exception at 0x00007f97bfb5c170 to 0x00007f97bfb6021d
Event: 3784.452 Thread 0x00007f97d0012000 Implicit null exception at 0x00007f97bf8a387b to 0x00007f97bf8a391d
Event: 3784.453 Thread 0x00007f97d0012000 Implicit null exception at 0x00007f97bf8ec715 to 0x00007f97bf8eeed9
Event: 3784.453 Thread 0x00007f97d0012000 Implicit null exception at 0x00007f97bfb0d99c to 0x00007f97bfb0e709
Event: 3784.453 Thread 0x00007f97d0012000 Implicit null exception at 0x00007f97bf98c4b3 to 0x00007f97bf98c751

Events (10 events):
Event: 73837.930 Executing VM operation: G1IncCollectionPause done
Event: 73840.895 Executing VM operation: G1IncCollectionPause
Event: 73840.899 Executing VM operation: G1IncCollectionPause done
Event: 73841.401 Executing VM operation: RevokeBias
Event: 73841.401 Executing VM operation: RevokeBias done
Event: 73841.401 Executing VM operation: RevokeBias
Event: 73841.401 Executing VM operation: RevokeBias done
Event: 73841.401 Thread 0x00007f97d0387800 Thread exited: 0x00007f97d0387800
Event: 73841.463 Thread 0x00007f97d0387800 Thread added: 0x00007f97d0387800
Event: 73843.471 Executing VM operation: G1IncCollectionPause


Dynamic libraries:
c5400000-d8f00000 rw-p 00000000 00:00 0 
def00000-100000000 ---p 00000000 00:00 0 
100000000-100220000 rw-p 00000000 00:00 0 
100220000-140000000 ---p 00000000 00:00 0 
557835d01000-557835d02000 r-xp 00000000 08:02 4981133                    /usr/lib/jvm/java-9-openjdk/bin/java
557835f02000-557835f03000 r--p 00001000 08:02 4981133                    /usr/lib/jvm/java-9-openjdk/bin/java
557835f03000-557835f04000 rw-p 00002000 08:02 4981133                    /usr/lib/jvm/java-9-openjdk/bin/java
557837548000-557837569000 rw-p 00000000 00:00 0                          [heap]
7f974c000000-7f974c021000 rw-p 00000000 00:00 0 
7f974c021000-7f9750000000 ---p 00000000 00:00 0 
7f9750000000-7f9750021000 rw-p 00000000 00:00 0 
7f9750021000-7f9754000000 ---p 00000000 00:00 0 
7f9757cff000-7f9757eab000 rw-p 00000000 00:00 0 
7f9757eab000-7f9757f03000 ---p 00000000 00:00 0 
7f9757f03000-7f9758000000 rw-p 00000000 00:00 0 
7f9758000000-7f9758021000 rw-p 00000000 00:00 0 
7f9758021000-7f975c000000 ---p 00000000 00:00 0 
7f975c000000-7f975c021000 rw-p 00000000 00:00 0 
7f975c021000-7f9760000000 ---p 00000000 00:00 0 
7f9760000000-7f9760061000 rw-p 00000000 00:00 0 
7f9760061000-7f9764000000 ---p 00000000 00:00 0 
7f9764000000-7f9764021000 rw-p 00000000 00:00 0 
7f9764021000-7f9768000000 ---p 00000000 00:00 0 
7f9768000000-7f976a548000 rw-p 00000000 00:00 0 
7f976a548000-7f976c000000 ---p 00000000 00:00 0 
7f976c000000-7f976c9eb000 rw-p 00000000 00:00 0 
7f976c9eb000-7f9770000000 ---p 00000000 00:00 0 
7f9770000000-7f9770021000 rw-p 00000000 00:00 0 
7f9770021000-7f9774000000 ---p 00000000 00:00 0 
7f9774000000-7f97768f6000 rw-p 00000000 00:00 0 
7f97768f6000-7f9778000000 ---p 00000000 00:00 0 
7f9778000000-7f9778021000 rw-p 00000000 00:00 0 
7f9778021000-7f977c000000 ---p 00000000 00:00 0 
7f977c000000-7f977c021000 rw-p 00000000 00:00 0 
7f977c021000-7f9780000000 ---p 00000000 00:00 0 
7f9780000000-7f9780101000 rw-p 00000000 00:00 0 
7f9780101000-7f9784000000 ---p 00000000 00:00 0 
7f9784026000-7f9784226000 rw-p 00000000 00:00 0 
7f9784226000-7f978430e000 r-xp 00000000 00:26 4649747                    /tmp/sqlite-3.23.1-9647cf46-f309-4b51-b582-09b2853a098b-libsqlitejdbc.so
7f978430e000-7f978450d000 ---p 000e8000 00:26 4649747                    /tmp/sqlite-3.23.1-9647cf46-f309-4b51-b582-09b2853a098b-libsqlitejdbc.so
7f978450d000-7f9784512000 rw-p 000e7000 00:26 4649747                    /tmp/sqlite-3.23.1-9647cf46-f309-4b51-b582-09b2853a098b-libsqlitejdbc.so
7f9784512000-7f9784513000 rw-p 00000000 00:00 0 
7f9784513000-7f9784517000 ---p 00000000 00:00 0 
7f9784517000-7f9784814000 rw-p 00000000 00:00 0 
7f9784814000-7f9784827000 r-xp 00000000 08:02 3410059                    /usr/lib/libresolv-2.26.so
7f9784827000-7f9784a27000 ---p 00013000 08:02 3410059                    /usr/lib/libresolv-2.26.so
7f9784a27000-7f9784a28000 r--p 00013000 08:02 3410059                    /usr/lib/libresolv-2.26.so
7f9784a28000-7f9784a29000 rw-p 00014000 08:02 3410059                    /usr/lib/libresolv-2.26.so
7f9784a29000-7f9784a2b000 rw-p 00000000 00:00 0 
7f9784a2b000-7f9784a30000 r-xp 00000000 08:02 3410070                    /usr/lib/libnss_dns-2.26.so
7f9784a30000-7f9784c2f000 ---p 00005000 08:02 3410070                    /usr/lib/libnss_dns-2.26.so
7f9784c2f000-7f9784c30000 r--p 00004000 08:02 3410070                    /usr/lib/libnss_dns-2.26.so
7f9784c30000-7f9784c31000 rw-p 00005000 08:02 3410070                    /usr/lib/libnss_dns-2.26.so
7f9784c31000-7f9784c68000 r-xp 00000000 08:02 3414821                    /usr/lib/libnss_resolve.so.2
7f9784c68000-7f9784e67000 ---p 00037000 08:02 3414821                    /usr/lib/libnss_resolve.so.2
7f9784e67000-7f9784e6a000 r--p 00036000 08:02 3414821                    /usr/lib/libnss_resolve.so.2
7f9784e6a000-7f9784e6b000 rw-p 00039000 08:02 3414821                    /usr/lib/libnss_resolve.so.2
7f9784e6b000-7f9784ea3000 r-xp 00000000 08:02 3414820                    /usr/lib/libnss_mymachines.so.2
7f9784ea3000-7f97850a2000 ---p 00038000 08:02 3414820                    /usr/lib/libnss_mymachines.so.2
7f97850a2000-7f97850a5000 r--p 00037000 08:02 3414820                    /usr/lib/libnss_mymachines.so.2
7f97850a5000-7f97850a6000 rw-p 0003a000 08:02 3414820                    /usr/lib/libnss_mymachines.so.2
7f97850a6000-7f97852a6000 rw-p 00000000 00:00 0 
7f97852a6000-7f97854a6000 rw-p 00000000 00:00 0 
7f97854a6000-7f97854cf000 r-xp 00000000 08:02 4981174                    /usr/lib/jvm/java-9-openjdk/lib/libsunec.so
7f97854cf000-7f97856ce000 ---p 00029000 08:02 4981174                    /usr/lib/jvm/java-9-openjdk/lib/libsunec.so
7f97856ce000-7f97856d2000 r--p 00028000 08:02 4981174                    /usr/lib/jvm/java-9-openjdk/lib/libsunec.so
7f97856d2000-7f97856d3000 rw-p 0002c000 08:02 4981174                    /usr/lib/jvm/java-9-openjdk/lib/libsunec.so
7f97856d3000-7f97858d3000 rw-p 00000000 00:00 0 
7f97858d3000-7f97858d4000 ---p 00000000 00:00 0 
7f97858d4000-7f97859d4000 rw-p 00000000 00:00 0 
7f97859d4000-7f97859d8000 ---p 00000000 00:00 0 
7f97859d8000-7f9785ad5000 rw-p 00000000 00:00 0 
7f9785ad5000-7f9785ad9000 ---p 00000000 00:00 0 
7f9785ad9000-7f9785bd6000 rw-p 00000000 00:00 0 
7f9785bd6000-7f9785bec000 r-xp 00000000 08:02 4981158                    /usr/lib/jvm/java-9-openjdk/lib/libnet.so
7f9785bec000-7f9785dec000 ---p 00016000 08:02 4981158                    /usr/lib/jvm/java-9-openjdk/lib/libnet.so
7f9785dec000-7f9785ded000 r--p 00016000 08:02 4981158                    /usr/lib/jvm/java-9-openjdk/lib/libnet.so
7f9785ded000-7f9785dee000 rw-p 00017000 08:02 4981158                    /usr/lib/jvm/java-9-openjdk/lib/libnet.so
7f9785dee000-7f9785dff000 r-xp 00000000 08:02 4981156                    /usr/lib/jvm/java-9-openjdk/lib/libnio.so
7f9785dff000-7f9785ffe000 ---p 00011000 08:02 4981156                    /usr/lib/jvm/java-9-openjdk/lib/libnio.so
7f9785ffe000-7f9785fff000 r--p 00010000 08:02 4981156                    /usr/lib/jvm/java-9-openjdk/lib/libnio.so
7f9785fff000-7f9786000000 rw-p 00011000 08:02 4981156                    /usr/lib/jvm/java-9-openjdk/lib/libnio.so
7f9786000000-7f9788000000 rwxp 00000000 00:00 0 
7f9788000000-7f9788021000 rw-p 00000000 00:00 0 
7f9788021000-7f978c000000 ---p 00000000 00:00 0 
7f978c000000-7f978c021000 rw-p 00000000 00:00 0 
7f978c021000-7f9790000000 ---p 00000000 00:00 0 
7f9790000000-7f9790021000 rw-p 00000000 00:00 0 
7f9790021000-7f9794000000 ---p 00000000 00:00 0 
7f9794000000-7f9794021000 rw-p 00000000 00:00 0 
7f9794021000-7f9798000000 ---p 00000000 00:00 0 
7f9798000000-7f9798021000 rw-p 00000000 00:00 0 
7f9798021000-7f979c000000 ---p 00000000 00:00 0 
7f979c000000-7f979c021000 rw-p 00000000 00:00 0 
7f979c021000-7f97a0000000 ---p 00000000 00:00 0 
7f97a0000000-7f97a002e000 rw-p 00000000 00:00 0 
7f97a002e000-7f97a4000000 ---p 00000000 00:00 0 
7f97a4000000-7f97a4021000 rw-p 00000000 00:00 0 
7f97a4021000-7f97a8000000 ---p 00000000 00:00 0 
7f97a8000000-7f97a8021000 rw-p 00000000 00:00 0 
7f97a8021000-7f97ac000000 ---p 00000000 00:00 0 
7f97ac000000-7f97ac021000 rw-p 00000000 00:00 0 
7f97ac021000-7f97b0000000 ---p 00000000 00:00 0 
7f97b0000000-7f97b0021000 rw-p 00000000 00:00 0 
7f97b0021000-7f97b4000000 ---p 00000000 00:00 0 
7f97b40ab000-7f97b40af000 ---p 00000000 00:00 0 
7f97b40af000-7f97b41ac000 rw-p 00000000 00:00 0 
7f97b41ac000-7f97b41b0000 ---p 00000000 00:00 0 
7f97b41b0000-7f97b42ad000 rw-p 00000000 00:00 0 
7f97b42ad000-7f97b42b1000 ---p 00000000 00:00 0 
7f97b42b1000-7f97b43ae000 rw-p 00000000 00:00 0 
7f97b43ae000-7f97b43b2000 ---p 00000000 00:00 0 
7f97b43b2000-7f97b44af000 rw-p 00000000 00:00 0 
7f97b44af000-7f97b44b3000 ---p 00000000 00:00 0 
7f97b44b3000-7f97b45b0000 rw-p 00000000 00:00 0 
7f97b45b0000-7f97b474b000 r--p 00000000 08:02 3428931                    /usr/lib/locale/locale-archive
7f97b474b000-7f97b474f000 ---p 00000000 00:00 0 
7f97b474f000-7f97b484c000 rw-p 00000000 00:00 0 
7f97b484c000-7f97b4850000 ---p 00000000 00:00 0 
7f97b4850000-7f97b494d000 rw-p 00000000 00:00 0 
7f97b494d000-7f97b494e000 ---p 00000000 00:00 0 
7f97b494e000-7f97b524e000 rw-p 00000000 00:00 0 
7f97b524e000-7f97b5652000 rw-p 00000000 00:00 0 
7f97b5652000-7f97b5653000 ---p 00000000 00:00 0 
7f97b5653000-7f97b5c3f000 rw-p 00000000 00:00 0 
7f97b5c3f000-7f97b6603000 ---p 00000000 00:00 0 
7f97b6603000-7f97b6aef000 rw-p 00000000 00:00 0 
7f97b6aef000-7f97b74b3000 ---p 00000000 00:00 0 
7f97b74b3000-7f97b7551000 rw-p 00000000 00:00 0 
7f97b7551000-7f97b7689000 ---p 00000000 00:00 0 
7f97b7689000-7f97b7727000 rw-p 00000000 00:00 0 
7f97b7727000-7f97b7a35000 ---p 00000000 00:00 0 
7f97b7a35000-7f97b7ca5000 rwxp 00000000 00:00 0 
7f97b7ca5000-7f97b7fc5000 ---p 00000000 00:00 0 
7f97b7fc5000-7f97b8d25000 rwxp 00000000 00:00 0 
7f97b8d25000-7f97bf4fd000 ---p 00000000 00:00 0 
7f97bf4fd000-7f97bfccd000 rwxp 00000000 00:00 0 
7f97bfccd000-7f97c6a35000 ---p 00000000 00:00 0 
7f97c6a35000-7f97d0000000 r--s 00000000 08:02 4981175                    /usr/lib/jvm/java-9-openjdk/lib/modules
7f97d0000000-7f97d342f000 rw-p 00000000 00:00 0 
7f97d342f000-7f97d4000000 ---p 00000000 00:00 0 
7f97d4008000-7f97d40af000 rw-p 00000000 00:00 0 
7f97d40af000-7f97d40b0000 ---p 00000000 00:00 0 
7f97d40b0000-7f97d424e000 rw-p 00000000 00:00 0 
7f97d424e000-7f97d4386000 ---p 00000000 00:00 0 
7f97d4386000-7f97d4387000 ---p 00000000 00:00 0 
7f97d4387000-7f97d4487000 rw-p 00000000 00:00 0 
7f97d4487000-7f97d4488000 ---p 00000000 00:00 0 
7f97d4488000-7f97d4588000 rw-p 00000000 00:00 0 
7f97d4588000-7f97d4589000 ---p 00000000 00:00 0 
7f97d4589000-7f97d4689000 rw-p 00000000 00:00 0 
7f97d4689000-7f97d468a000 ---p 00000000 00:00 0 
7f97d468a000-7f97d478a000 rw-p 00000000 00:00 0 
7f97d478a000-7f97d478b000 ---p 00000000 00:00 0 
7f97d478b000-7f97d4c8f000 rw-p 00000000 00:00 0 
7f97d4c8f000-7f97d4c90000 ---p 00000000 00:00 0 
7f97d4c90000-7f97d4d90000 rw-p 00000000 00:00 0 
7f97d4d90000-7f97d4d91000 ---p 00000000 00:00 0 
7f97d4d91000-7f97d4e91000 rw-p 00000000 00:00 0 
7f97d4e91000-7f97d4e92000 ---p 00000000 00:00 0 
7f97d4e92000-7f97d4f92000 rw-p 00000000 00:00 0 
7f97d4f92000-7f97d4f93000 ---p 00000000 00:00 0 
7f97d4f93000-7f97d50a3000 rw-p 00000000 00:00 0 
7f97d50a3000-7f97d517e000 ---p 00000000 00:00 0 
7f97d517e000-7f97d5199000 rw-p 00000000 00:00 0 
7f97d5199000-7f97d5269000 ---p 00000000 00:00 0 
7f97d5269000-7f97d526e000 r-xp 00000000 08:02 4981157                    /usr/lib/jvm/java-9-openjdk/lib/libjimage.so
7f97d526e000-7f97d546d000 ---p 00005000 08:02 4981157                    /usr/lib/jvm/java-9-openjdk/lib/libjimage.so
7f97d546d000-7f97d546e000 r--p 00004000 08:02 4981157                    /usr/lib/jvm/java-9-openjdk/lib/libjimage.so
7f97d546e000-7f97d546f000 rw-p 00005000 08:02 4981157                    /usr/lib/jvm/java-9-openjdk/lib/libjimage.so
7f97d546f000-7f97d5476000 r-xp 00000000 08:02 4981159                    /usr/lib/jvm/java-9-openjdk/lib/libzip.so
7f97d5476000-7f97d5675000 ---p 00007000 08:02 4981159                    /usr/lib/jvm/java-9-openjdk/lib/libzip.so
7f97d5675000-7f97d5676000 r--p 00006000 08:02 4981159                    /usr/lib/jvm/java-9-openjdk/lib/libzip.so
7f97d5676000-7f97d5677000 rw-p 00007000 08:02 4981159                    /usr/lib/jvm/java-9-openjdk/lib/libzip.so
7f97d5677000-7f97d5682000 r-xp 00000000 08:02 3410066                    /usr/lib/libnss_files-2.26.so
7f97d5682000-7f97d5881000 ---p 0000b000 08:02 3410066                    /usr/lib/libnss_files-2.26.so
7f97d5881000-7f97d5882000 r--p 0000a000 08:02 3410066                    /usr/lib/libnss_files-2.26.so
7f97d5882000-7f97d5883000 rw-p 0000b000 08:02 3410066                    /usr/lib/libnss_files-2.26.so
7f97d5883000-7f97d5889000 rw-p 00000000 00:00 0 
7f97d5889000-7f97d5894000 r-xp 00000000 08:02 3410064                    /usr/lib/libnss_nis-2.26.so
7f97d5894000-7f97d5a93000 ---p 0000b000 08:02 3410064                    /usr/lib/libnss_nis-2.26.so
7f97d5a93000-7f97d5a94000 r--p 0000a000 08:02 3410064                    /usr/lib/libnss_nis-2.26.so
7f97d5a94000-7f97d5a95000 rw-p 0000b000 08:02 3410064                    /usr/lib/libnss_nis-2.26.so
7f97d5a95000-7f97d5aa9000 r-xp 00000000 08:02 3410060                    /usr/lib/libnsl-2.26.so
7f97d5aa9000-7f97d5ca9000 ---p 00014000 08:02 3410060                    /usr/lib/libnsl-2.26.so
7f97d5ca9000-7f97d5caa000 r--p 00014000 08:02 3410060                    /usr/lib/libnsl-2.26.so
7f97d5caa000-7f97d5cab000 rw-p 00015000 08:02 3410060                    /usr/lib/libnsl-2.26.so
7f97d5cab000-7f97d5cad000 rw-p 00000000 00:00 0 
7f97d5cad000-7f97d5cb4000 r-xp 00000000 08:02 3410072                    /usr/lib/libnss_compat-2.26.so
7f97d5cb4000-7f97d5eb3000 ---p 00007000 08:02 3410072                    /usr/lib/libnss_compat-2.26.so
7f97d5eb3000-7f97d5eb4000 r--p 00006000 08:02 3410072                    /usr/lib/libnss_compat-2.26.so
7f97d5eb4000-7f97d5eb5000 rw-p 00007000 08:02 3410072                    /usr/lib/libnss_compat-2.26.so
7f97d5eb5000-7f97d5ee1000 r-xp 00000000 08:02 4981160                    /usr/lib/jvm/java-9-openjdk/lib/libjava.so
7f97d5ee1000-7f97d60e0000 ---p 0002c000 08:02 4981160                    /usr/lib/jvm/java-9-openjdk/lib/libjava.so
7f97d60e0000-7f97d60e1000 r--p 0002b000 08:02 4981160                    /usr/lib/jvm/java-9-openjdk/lib/libjava.so
7f97d60e1000-7f97d60e2000 rw-p 0002c000 08:02 4981160                    /usr/lib/jvm/java-9-openjdk/lib/libjava.so
7f97d60e2000-7f97d60e3000 rw-p 00000000 00:00 0 
7f97d60e3000-7f97d60f0000 r-xp 00000000 08:02 4981161                    /usr/lib/jvm/java-9-openjdk/lib/libverify.so
7f97d60f0000-7f97d62ef000 ---p 0000d000 08:02 4981161                    /usr/lib/jvm/java-9-openjdk/lib/libverify.so
7f97d62ef000-7f97d62f1000 r--p 0000c000 08:02 4981161                    /usr/lib/jvm/java-9-openjdk/lib/libverify.so
7f97d62f1000-7f97d62f2000 rw-p 0000e000 08:02 4981161                    /usr/lib/jvm/java-9-openjdk/lib/libverify.so
7f97d62f2000-7f97d62f9000 r-xp 00000000 08:02 3410056                    /usr/lib/librt-2.26.so
7f97d62f9000-7f97d64f8000 ---p 00007000 08:02 3410056                    /usr/lib/librt-2.26.so
7f97d64f8000-7f97d64f9000 r--p 00006000 08:02 3410056                    /usr/lib/librt-2.26.so
7f97d64f9000-7f97d64fa000 rw-p 00007000 08:02 3410056                    /usr/lib/librt-2.26.so
7f97d64fa000-7f97d6510000 r-xp 00000000 08:02 3411650                    /usr/lib/libgcc_s.so.1
7f97d6510000-7f97d670f000 ---p 00016000 08:02 3411650                    /usr/lib/libgcc_s.so.1
7f97d670f000-7f97d6710000 r--p 00015000 08:02 3411650                    /usr/lib/libgcc_s.so.1
7f97d6710000-7f97d6711000 rw-p 00016000 08:02 3411650                    /usr/lib/libgcc_s.so.1
7f97d6711000-7f97d685c000 r-xp 00000000 08:02 3410061                    /usr/lib/libm-2.26.so
7f97d685c000-7f97d6a5b000 ---p 0014b000 08:02 3410061                    /usr/lib/libm-2.26.so
7f97d6a5b000-7f97d6a5c000 r--p 0014a000 08:02 3410061                    /usr/lib/libm-2.26.so
7f97d6a5c000-7f97d6a5d000 rw-p 0014b000 08:02 3410061                    /usr/lib/libm-2.26.so
7f97d6a5d000-7f97d6bd4000 r-xp 00000000 08:02 3411618                    /usr/lib/libstdc++.so.6.0.24
7f97d6bd4000-7f97d6dd4000 ---p 00177000 08:02 3411618                    /usr/lib/libstdc++.so.6.0.24
7f97d6dd4000-7f97d6de0000 r--p 00177000 08:02 3411618                    /usr/lib/libstdc++.so.6.0.24
7f97d6de0000-7f97d6de1000 rw-p 00183000 08:02 3411618                    /usr/lib/libstdc++.so.6.0.24
7f97d6de1000-7f97d6de4000 rw-p 00000000 00:00 0 
7f97d6de4000-7f97d7d75000 r-xp 00000000 08:02 4981183                    /usr/lib/jvm/java-9-openjdk/lib/server/libjvm.so
7f97d7d75000-7f97d7f74000 ---p 00f91000 08:02 4981183                    /usr/lib/jvm/java-9-openjdk/lib/server/libjvm.so
7f97d7f74000-7f97d802c000 r--p 00f90000 08:02 4981183                    /usr/lib/jvm/java-9-openjdk/lib/server/libjvm.so
7f97d802c000-7f97d8061000 rw-p 01048000 08:02 4981183                    /usr/lib/jvm/java-9-openjdk/lib/server/libjvm.so
7f97d8061000-7f97d80a9000 rw-p 00000000 00:00 0 
7f97d80a9000-7f97d80c2000 r-xp 00000000 08:02 3410143                    /usr/lib/libpthread-2.26.so
7f97d80c2000-7f97d82c1000 ---p 00019000 08:02 3410143                    /usr/lib/libpthread-2.26.so
7f97d82c1000-7f97d82c2000 r--p 00018000 08:02 3410143                    /usr/lib/libpthread-2.26.so
7f97d82c2000-7f97d82c3000 rw-p 00019000 08:02 3410143                    /usr/lib/libpthread-2.26.so
7f97d82c3000-7f97d82c7000 rw-p 00000000 00:00 0 
7f97d82c7000-7f97d82ca000 r-xp 00000000 08:02 3410062                    /usr/lib/libdl-2.26.so
7f97d82ca000-7f97d84c9000 ---p 00003000 08:02 3410062                    /usr/lib/libdl-2.26.so
7f97d84c9000-7f97d84ca000 r--p 00002000 08:02 3410062                    /usr/lib/libdl-2.26.so
7f97d84ca000-7f97d84cb000 rw-p 00003000 08:02 3410062                    /usr/lib/libdl-2.26.so
7f97d84cb000-7f97d84e1000 r-xp 00000000 08:02 3414406                    /usr/lib/libz.so.1.2.11
7f97d84e1000-7f97d86e0000 ---p 00016000 08:02 3414406                    /usr/lib/libz.so.1.2.11
7f97d86e0000-7f97d86e1000 r--p 00015000 08:02 3414406                    /usr/lib/libz.so.1.2.11
7f97d86e1000-7f97d86e2000 rw-p 00016000 08:02 3414406                    /usr/lib/libz.so.1.2.11
7f97d86e2000-7f97d8890000 r-xp 00000000 08:02 3410123                    /usr/lib/libc-2.26.so
7f97d8890000-7f97d8a90000 ---p 001ae000 08:02 3410123                    /usr/lib/libc-2.26.so
7f97d8a90000-7f97d8a94000 r--p 001ae000 08:02 3410123                    /usr/lib/libc-2.26.so
7f97d8a94000-7f97d8a96000 rw-p 001b2000 08:02 3410123                    /usr/lib/libc-2.26.so
7f97d8a96000-7f97d8a9a000 rw-p 00000000 00:00 0 
7f97d8a9a000-7f97d8aa9000 r-xp 00000000 08:02 4981182                    /usr/lib/jvm/java-9-openjdk/lib/jli/libjli.so
7f97d8aa9000-7f97d8ca8000 ---p 0000f000 08:02 4981182                    /usr/lib/jvm/java-9-openjdk/lib/jli/libjli.so
7f97d8ca8000-7f97d8ca9000 r--p 0000e000 08:02 4981182                    /usr/lib/jvm/java-9-openjdk/lib/jli/libjli.so
7f97d8ca9000-7f97d8caa000 rw-p 0000f000 08:02 4981182                    /usr/lib/jvm/java-9-openjdk/lib/jli/libjli.so
7f97d8caa000-7f97d8ccf000 r-xp 00000000 08:02 3410124                    /usr/lib/ld-2.26.so
7f97d8ce7000-7f97d8da5000 rw-p 00000000 00:00 0 
7f97d8da5000-7f97d8da6000 ---p 00000000 00:00 0 
7f97d8da6000-7f97d8daa000 ---p 00000000 00:00 0 
7f97d8daa000-7f97d8ea8000 rw-p 00000000 00:00 0 
7f97d8eb5000-7f97d8ebb000 rw-p 00000000 00:00 0 
7f97d8ebb000-7f97d8ec2000 ---p 00000000 00:00 0 
7f97d8ec2000-7f97d8eca000 rw-s 00000000 00:26 4649622                    /tmp/hsperfdata_olu/22362
7f97d8eca000-7f97d8ecb000 rw-p 00000000 00:00 0 
7f97d8ecb000-7f97d8ecc000 ---p 00000000 00:00 0 
7f97d8ecc000-7f97d8ece000 rw-p 00000000 00:00 0 
7f97d8ece000-7f97d8ecf000 r--p 00024000 08:02 3410124                    /usr/lib/ld-2.26.so
7f97d8ecf000-7f97d8ed0000 rw-p 00025000 08:02 3410124                    /usr/lib/ld-2.26.so
7f97d8ed0000-7f97d8ed1000 rw-p 00000000 00:00 0 
7fff31df5000-7fff31e16000 rw-p 00000000 00:00 0                          [stack]
7fff31ef7000-7fff31efa000 r--p 00000000 00:00 0                          [vvar]
7fff31efa000-7fff31efc000 r-xp 00000000 00:00 0                          [vdso]
ffffffffff600000-ffffffffff601000 r-xp 00000000 00:00 0                  [vsyscall]

VM Arguments:
java_command: App
java_class_path (initial): MatrixBot.jar
Launcher Type: SUN_STANDARD

Logging:
Log output configuration:
#0: stdout all=warning uptime,level,tags
#1: stderr all=off uptime,level,tags

Environment Variables:
PATH=/home/olu/.cargo/bin:/home/olu/.nimble/bin:/usr/local/sbin:/usr/local/bin:/usr/bin:/usr/lib/jvm/default/bin:/usr/bin/site_perl:/usr/bin/vendor_perl:/usr/bin/core_perl
SHELL=/bin/bash
DISPLAY=:0

Signal Handlers:
SIGSEGV: [libjvm.so+0xd33720], sa_mask[0]=11111111011111111101111111111110, sa_flags=SA_RESTART|SA_SIGINFO
SIGBUS: [libjvm.so+0xd33720], sa_mask[0]=11111111011111111101111111111110, sa_flags=SA_RESTART|SA_SIGINFO
SIGFPE: [libjvm.so+0xd33720], sa_mask[0]=11111111011111111101111111111110, sa_flags=SA_RESTART|SA_SIGINFO
SIGPIPE: [libjvm.so+0xb35ea0], sa_mask[0]=11111111011111111101111111111110, sa_flags=SA_RESTART|SA_SIGINFO
SIGXFSZ: [libjvm.so+0xb35ea0], sa_mask[0]=11111111011111111101111111111110, sa_flags=SA_RESTART|SA_SIGINFO
SIGILL: [libjvm.so+0xd33720], sa_mask[0]=11111111011111111101111111111110, sa_flags=SA_RESTART|SA_SIGINFO
SIGUSR2: [libjvm.so+0xb35d30], sa_mask[0]=00000000000000000000000000000000, sa_flags=SA_RESTART|SA_SIGINFO
SIGHUP: [libjvm.so+0xb35f60], sa_mask[0]=11111111011111111101111111111110, sa_flags=SA_RESTART|SA_SIGINFO
SIGINT: [libjvm.so+0xb35f60], sa_mask[0]=11111111011111111101111111111110, sa_flags=SA_RESTART|SA_SIGINFO
SIGTERM: [libjvm.so+0xb35f60], sa_mask[0]=11111111011111111101111111111110, sa_flags=SA_RESTART|SA_SIGINFO
SIGQUIT: [libjvm.so+0xb35f60], sa_mask[0]=11111111011111111101111111111110, sa_flags=SA_RESTART|SA_SIGINFO


---------------  S Y S T E M  ---------------

OS:NAME="Antergos Linux"
VERSION="17.9-ISO-Rolling"
ID="antergos"
ID_LIKE="arch"
PRETTY_NAME="Antergos Linux"
CPE_NAME="cpe:/o:antergosproject:antergos:17.9"
ANSI_COLOR="1;34;40"
HOME_URL="https://antergos.com/"
SUPPORT_URL="https://forum.antergos.com/"
BUG_REPORT_URL="https://github.com/antergos"

uname:Linux 4.13.12-1-ARCH #1 SMP PREEMPT Wed Nov 8 11:54:06 CET 2017 x86_64
libc:glibc 2.26 NPTL 2.26 
rlimit: STACK 8192k, CORE infinity, NPROC 14972, NOFILE 4096, AS infinity
load average:6.36 4.56 2.23

/proc/meminfo:
MemTotal:        3844008 kB
MemFree:           86640 kB
MemAvailable:      24132 kB
Buffers:            1372 kB
Cached:           110360 kB
SwapCached:         5680 kB
Active:          2917364 kB
Inactive:         615000 kB
Active(anon):    2875696 kB
Inactive(anon):   575248 kB
Active(file):      41668 kB
Inactive(file):    39752 kB
Unevictable:          32 kB
Mlocked:              32 kB
SwapTotal:       3845460 kB
SwapFree:           5700 kB
Dirty:                72 kB
Writeback:           892 kB
AnonPages:       3416700 kB
Mapped:            73100 kB
Shmem:             29816 kB
Slab:              73920 kB
SReclaimable:      32740 kB
SUnreclaim:        41180 kB
KernelStack:       10848 kB
PageTables:        68348 kB
NFS_Unstable:          0 kB
Bounce:                0 kB
WritebackTmp:          0 kB
CommitLimit:     5767464 kB
Committed_AS:   14625112 kB
VmallocTotal:   34359738367 kB
VmallocUsed:           0 kB
VmallocChunk:          0 kB
HardwareCorrupted:     0 kB
AnonHugePages:    802816 kB
ShmemHugePages:        0 kB
ShmemPmdMapped:        0 kB
HugePages_Total:       0
HugePages_Free:        0
HugePages_Rsvd:        0
HugePages_Surp:        0
Hugepagesize:       2048 kB
DirectMap4k:      206908 kB
DirectMap2M:     3778560 kB


CPU:total 4 (initial active 4) (2 cores per cpu, 2 threads per core) family 6 model 37 stepping 5, cmov, cx8, fxsr, mmx, sse, sse2, sse3, ssse3, sse4.1, sse4.2, popcnt, aes, clmul, ht, tsc, tscinvbit
CPU Model and flags from /proc/cpuinfo:
model name	: Intel(R) Core(TM) i5 CPU       M 560  @ 2.67GHz
flags		: fpu vme de pse tsc msr pae mce cx8 apic sep mtrr pge mca cmov pat pse36 clflush dts acpi mmx fxsr sse sse2 ss ht tm pbe syscall nx rdtscp lm constant_tsc arch_perfmon pebs bts rep_good nopl xtopology nonstop_tsc cpuid aperfmperf pni pclmulqdq dtes64 monitor ds_cpl vmx smx est tm2 ssse3 cx16 xtpr pdcm pcid sse4_1 sse4_2 popcnt aes lahf_lm tpr_shadow vnmi flexpriority ept vpid dtherm ida arat

Memory: 4k page, physical 3844008k(86640k free), swap 3845460k(5700k free)

vm_info: OpenJDK 64-Bit Server VM (9+181) for linux-amd64 JRE (9+181), built on Oct  7 2017 17:10:25 by "builduser" with gcc 7.2.0

END.
