#
# There is insufficient memory for the Java Runtime Environment to continue.
# Native memory allocation (mmap) failed to map 233832448 bytes for committing reserved memory.
# Possible reasons:
#   The system is out of physical RAM or swap space
#   The process is running with CompressedOops enabled, and the Java Heap may be blocking the growth of the native heap
# Possible solutions:
#   Reduce memory load on the system
#   Increase physical memory or swap space
#   Check if swap backing store is full
#   Decrease Java heap size (-Xmx/-Xms)
#   Decrease number of Java threads
#   Decrease Java thread stack sizes (-Xss)
#   Set larger code cache with -XX:ReservedCodeCacheSize=
#   JVM is running with Unscaled Compressed Oops mode in which the Java heap is
#     placed in the first 4GB address space. The Java Heap base address is the
#     maximum limit for the native heap growth. Please use -XX:HeapBaseMinAddress
#     to set the Java Heap base and to place the Java Heap above 4GB virtual address.
# This output file may be truncated or incomplete.
#
#  Out of Memory Error (os_linux.cpp:2647), pid=19878, tid=19891
#
# JRE version: OpenJDK Runtime Environment (9.0+181) (build 9+181)
# Java VM: OpenJDK 64-Bit Server VM (9+181, mixed mode, tiered, compressed oops, g1 gc, linux-amd64)
# Core dump will be written. Default location: Core dumps may be processed with "/usr/lib/systemd/systemd-coredump %P %u %g %s %t %c %e" (or dumping to /home/olu/eclipse-workspace/MatrixBot/core.19878)
#

---------------  S U M M A R Y ------------

Command Line: App

Host: Intel(R) Core(TM) i5 CPU       M 560  @ 2.67GHz, 4 cores, 3G, Antergos Linux
Time: Fri Dec  7 11:27:00 2018 GMT elapsed time: 178734 seconds (2d 1h 38m 54s)

---------------  T H R E A D  ---------------

Current thread (0x00007fd740105000):  VMThread "VM Thread" [stack: 0x00007fd6fc850000,0x00007fd6fc950000] [id=19891]

Stack: [0x00007fd6fc850000,0x00007fd6fc950000],  sp=0x00007fd6fc94e070,  free space=1016k
Native frames: (J=compiled Java code, A=aot compiled Java code, j=interpreted, Vv=VM code, C=native code)
V  [libjvm.so+0xd32b20]
V  [libjvm.so+0xd336bb]
V  [libjvm.so+0x6478f3]
V  [libjvm.so+0xb39dec]
V  [libjvm.so+0xb33fdd]
V  [libjvm.so+0x75170d]
V  [libjvm.so+0x75197e]
V  [libjvm.so+0x754811]
V  [libjvm.so+0x7de32e]
V  [libjvm.so+0x7df08e]
V  [libjvm.so+0x7df529]
V  [libjvm.so+0x711271]
V  [libjvm.so+0x71850a]
V  [libjvm.so+0xd44651]
V  [libjvm.so+0xd434e9]
V  [libjvm.so+0xd408bb]
V  [libjvm.so+0xd41ee0]
V  [libjvm.so+0xd422ce]
V  [libjvm.so+0xb40dba]

VM_Operation (0x00007fd746dce1e0): G1IncCollectionPause, mode: safepoint, requested by thread 0x00007fd740012000


---------------  P R O C E S S  ---------------

Java Threads: ( => current thread )
  0x00007fd7403f0000 JavaThread "Keep-Alive-Timer" daemon [_thread_blocked, id=14931, stack(0x00007fd6d6612000,0x00007fd6d6713000)]
  0x00007fd7401c6800 JavaThread "Service Thread" daemon [_thread_blocked, id=19900, stack(0x00007fd6d78d3000,0x00007fd6d79d4000)]
  0x00007fd74015e800 JavaThread "Common-Cleaner" daemon [_thread_blocked, id=19899, stack(0x00007fd6d79d4000,0x00007fd6d7ad5000)]
  0x00007fd740139800 JavaThread "Sweeper thread" daemon [_thread_blocked, id=19898, stack(0x00007fd6d7eff000,0x00007fd6d8000000)]
  0x00007fd740137800 JavaThread "C1 CompilerThread2" daemon [_thread_blocked, id=19897, stack(0x00007fd6fc0ae000,0x00007fd6fc1af000)]
  0x00007fd740135800 JavaThread "C2 CompilerThread1" daemon [_thread_blocked, id=19896, stack(0x00007fd6fc1af000,0x00007fd6fc2b0000)]
  0x00007fd740133800 JavaThread "C2 CompilerThread0" daemon [_thread_blocked, id=19895, stack(0x00007fd6fc2b0000,0x00007fd6fc3b1000)]
  0x00007fd74012f800 JavaThread "Signal Dispatcher" daemon [_thread_blocked, id=19894, stack(0x00007fd6fc3b1000,0x00007fd6fc4b2000)]
  0x00007fd740117000 JavaThread "Finalizer" daemon [_thread_blocked, id=19893, stack(0x00007fd6fc64d000,0x00007fd6fc74e000)]
  0x00007fd74010e800 JavaThread "Reference Handler" daemon [_thread_blocked, id=19892, stack(0x00007fd6fc74e000,0x00007fd6fc84f000)]
  0x00007fd740012000 JavaThread "main" [_thread_blocked, id=19879, stack(0x00007fd746cd0000,0x00007fd746dd0000)]

Other Threads:
=>0x00007fd740105000 VMThread "VM Thread" [stack: 0x00007fd6fc850000,0x00007fd6fc950000] [id=19891]
  0x00007fd7401c9800 WatcherThread [stack: 0x00007fd6d77d3000,0x00007fd6d78d3000] [id=19901]
  0x00007fd740028000 GCTaskThread "GC Thread#0" [stack: 0x00007fd7268e5000,0x00007fd7269e5000] [id=19880]
  0x00007fd740029800 GCTaskThread "GC Thread#1" [stack: 0x00007fd7267e4000,0x00007fd7268e4000] [id=19881]
  0x00007fd74002b000 GCTaskThread "GC Thread#2" [stack: 0x00007fd7266e3000,0x00007fd7267e3000] [id=19882]
  0x00007fd74002d000 GCTaskThread "GC Thread#3" [stack: 0x00007fd7265e2000,0x00007fd7266e2000] [id=19883]
  0x00007fd740069800 ConcurrentGCThread "G1 Main Marker" [stack: 0x00007fd7245d0000,0x00007fd7246d0000] [id=19889]
  0x00007fd74006b800 ConcurrentGCThread "G1 Marker#0" [stack: 0x00007fd7244cf000,0x00007fd7245cf000] [id=19890]
  0x00007fd740034000 ConcurrentGCThread "G1 Refine#0" [stack: 0x00007fd725dda000,0x00007fd725eda000] [id=19887]
  0x00007fd740032800 ConcurrentGCThread "G1 Refine#1" [stack: 0x00007fd725edb000,0x00007fd725fdb000] [id=19886]
  0x00007fd740030800 ConcurrentGCThread "G1 Refine#2" [stack: 0x00007fd725fdc000,0x00007fd7260dc000] [id=19885]
  0x00007fd74002f000 ConcurrentGCThread "G1 Refine#3" [stack: 0x00007fd7260dd000,0x00007fd7261dd000] [id=19884]
  0x00007fd740036000 ConcurrentGCThread "G1 Young RemSet Sampling" [stack: 0x00007fd725cd9000,0x00007fd725dd9000] [id=19888]

Threads with active compile tasks:

VM state:at safepoint (normal execution)

VM Mutex/Monitor currently owned by a thread:  ([mutex/lock_event])
[0x00007fd74000e8b0] Threads_lock - owner thread: 0x00007fd740105000
[0x00007fd74000ee50] Heap_lock - owner thread: 0x00007fd740012000

Heap address: 0x00000000c5400000, size: 940 MB, Compressed Oops mode: 32-bit
Narrow klass base: 0x0000000000000000, Narrow klass shift: 3
Compressed class space size: 1073741824 Address: 0x0000000100000000

Heap:
 garbage-first heap   total 366592K, used 6849K [0x00000000c5400000, 0x00000000c5500b30, 0x0000000100000000)
  region size 1024K, 1 young (1024K), 1 survivors (1024K)
 Metaspace       used 18517K, capacity 19360K, committed 19584K, reserved 1067008K
  class space    used 1693K, capacity 1856K, committed 1920K, reserved 1048576K
Heap Regions: E=young(eden), S=young(survivor), O=old, HS=humongous(starts), HC=humongous(continues), CS=collection set, F=free, A=archive, TS=gc time stamp, AC=allocation context, TAMS=top-at-mark-start (previous, next)
|   0|0x00000000c5400000, 0x00000000c5500000, 0x00000000c5500000|100%| O|  |TS  1|AC  0|TAMS 0x00000000c5400000, 0x00000000c5400000|
|   1|0x00000000c5500000, 0x00000000c5600000, 0x00000000c5600000|100%| O|  |TS  3|AC  0|TAMS 0x00000000c5500000, 0x00000000c5500000|
|   2|0x00000000c5600000, 0x00000000c5700000, 0x00000000c5700000|100%| O|  |TS  3|AC  0|TAMS 0x00000000c5600000, 0x00000000c5600000|
|   3|0x00000000c5700000, 0x00000000c5800000, 0x00000000c5800000|100%| O|  |TS  5|AC  0|TAMS 0x00000000c5700000, 0x00000000c5700000|
|   4|0x00000000c5800000, 0x00000000c5900000, 0x00000000c5900000|100%| O|  |TS 37|AC  0|TAMS 0x00000000c5800000, 0x00000000c5800000|
|   5|0x00000000c5900000, 0x00000000c5a00000, 0x00000000c5a00000|100%| O|  |TS15817|AC  0|TAMS 0x00000000c5900000, 0x00000000c5900000|
|   6|0x00000000c5a00000, 0x00000000c5a60a00, 0x00000000c5b00000| 37%| O|  |TS33447|AC  0|TAMS 0x00000000c5a00000, 0x00000000c5a00000|
|   7|0x00000000c5b00000, 0x00000000c5b00000, 0x00000000c5c00000|  0%| F|  |TS  0|AC  0|TAMS 0x00000000c5b00000, 0x00000000c5b00000|
|   8|0x00000000c5c00000, 0x00000000c5c00000, 0x00000000c5d00000|  0%| F|  |TS  0|AC  0|TAMS 0x00000000c5c00000, 0x00000000c5c00000|
|   9|0x00000000c5d00000, 0x00000000c5d00000, 0x00000000c5e00000|  0%| F|  |TS  0|AC  0|TAMS 0x00000000c5d00000, 0x00000000c5d00000|
|  10|0x00000000c5e00000, 0x00000000c5e00000, 0x00000000c5f00000|  0%| F|  |TS  0|AC  0|TAMS 0x00000000c5e00000, 0x00000000c5e00000|
|  11|0x00000000c5f00000, 0x00000000c5f00000, 0x00000000c6000000|  0%| F|  |TS  0|AC  0|TAMS 0x00000000c5f00000, 0x00000000c5f00000|
|  12|0x00000000c6000000, 0x00000000c6000000, 0x00000000c6100000|  0%| F|  |TS  0|AC  0|TAMS 0x00000000c6000000, 0x00000000c6000000|
|  13|0x00000000c6100000, 0x00000000c6100000, 0x00000000c6200000|  0%| F|  |TS  0|AC  0|TAMS 0x00000000c6100000, 0x00000000c6100000|
|  14|0x00000000c6200000, 0x00000000c6200000, 0x00000000c6300000|  0%| F|  |TS  0|AC  0|TAMS 0x00000000c6200000, 0x00000000c6200000|
|  15|0x00000000c6300000, 0x00000000c6300000, 0x00000000c6400000|  0%| F|  |TS  0|AC  0|TAMS 0x00000000c6300000, 0x00000000c6300000|
|  16|0x00000000c6400000, 0x00000000c6400000, 0x00000000c6500000|  0%| F|  |TS  0|AC  0|TAMS 0x00000000c6400000, 0x00000000c6400000|
|  17|0x00000000c6500000, 0x00000000c6500000, 0x00000000c6600000|  0%| F|  |TS  0|AC  0|TAMS 0x00000000c6500000, 0x00000000c6500000|
|  18|0x00000000c6600000, 0x00000000c6600000, 0x00000000c6700000|  0%| F|  |TS  0|AC  0|TAMS 0x00000000c6600000, 0x00000000c6600000|
|  19|0x00000000c6700000, 0x00000000c6700000, 0x00000000c6800000|  0%| F|  |TS  0|AC  0|TAMS 0x00000000c6700000, 0x00000000c6700000|
|  20|0x00000000c6800000, 0x00000000c6800000, 0x00000000c6900000|  0%| F|  |TS  0|AC  0|TAMS 0x00000000c6800000, 0x00000000c6800000|
|  21|0x00000000c6900000, 0x00000000c6900000, 0x00000000c6a00000|  0%| F|  |TS 33|AC  0|TAMS 0x00000000c6900000, 0x00000000c6900000|
|  22|0x00000000c6a00000, 0x00000000c6a00000, 0x00000000c6b00000|  0%| F|  |TS33397|AC  0|TAMS 0x00000000c6a00000, 0x00000000c6a00000|
|  23|0x00000000c6b00000, 0x00000000c6b00000, 0x00000000c6c00000|  0%| F|  |TS33409|AC  0|TAMS 0x00000000c6b00000, 0x00000000c6b00000|
|  24|0x00000000c6c00000, 0x00000000c6c00000, 0x00000000c6d00000|  0%| F|  |TS33409|AC  0|TAMS 0x00000000c6c00000, 0x00000000c6c00000|
|  25|0x00000000c6d00000, 0x00000000c6d00000, 0x00000000c6e00000|  0%| F|  |TS33407|AC  0|TAMS 0x00000000c6d00000, 0x00000000c6d00000|
|  26|0x00000000c6e00000, 0x00000000c6e00000, 0x00000000c6f00000|  0%| F|  |TS33407|AC  0|TAMS 0x00000000c6e00000, 0x00000000c6e00000|
|  27|0x00000000c6f00000, 0x00000000c6f00000, 0x00000000c7000000|  0%| F|  |TS33407|AC  0|TAMS 0x00000000c6f00000, 0x00000000c6f00000|
|  28|0x00000000c7000000, 0x00000000c7000000, 0x00000000c7100000|  0%| F|  |TS33407|AC  0|TAMS 0x00000000c7000000, 0x00000000c7000000|
|  29|0x00000000c7100000, 0x00000000c7100000, 0x00000000c7200000|  0%| F|  |TS33407|AC  0|TAMS 0x00000000c7100000, 0x00000000c7100000|
|  30|0x00000000c7200000, 0x00000000c7200000, 0x00000000c7300000|  0%| F|  |TS33407|AC  0|TAMS 0x00000000c7200000, 0x00000000c7200000|
|  31|0x00000000c7300000, 0x00000000c7300000, 0x00000000c7400000|  0%| F|  |TS33407|AC  0|TAMS 0x00000000c7300000, 0x00000000c7300000|
|  32|0x00000000c7400000, 0x00000000c7400000, 0x00000000c7500000|  0%| F|  |TS33407|AC  0|TAMS 0x00000000c7400000, 0x00000000c7400000|
|  33|0x00000000c7500000, 0x00000000c7500000, 0x00000000c7600000|  0%| F|  |TS33407|AC  0|TAMS 0x00000000c7500000, 0x00000000c7500000|
|  34|0x00000000c7600000, 0x00000000c7600000, 0x00000000c7700000|  0%| F|  |TS33407|AC  0|TAMS 0x00000000c7600000, 0x00000000c7600000|
|  35|0x00000000c7700000, 0x00000000c7700000, 0x00000000c7800000|  0%| F|  |TS33407|AC  0|TAMS 0x00000000c7700000, 0x00000000c7700000|
|  36|0x00000000c7800000, 0x00000000c7800000, 0x00000000c7900000|  0%| F|  |TS33407|AC  0|TAMS 0x00000000c7800000, 0x00000000c7800000|
|  37|0x00000000c7900000, 0x00000000c7900000, 0x00000000c7a00000|  0%| F|  |TS33407|AC  0|TAMS 0x00000000c7900000, 0x00000000c7900000|
|  38|0x00000000c7a00000, 0x00000000c7a00000, 0x00000000c7b00000|  0%| F|  |TS33407|AC  0|TAMS 0x00000000c7a00000, 0x00000000c7a00000|
|  39|0x00000000c7b00000, 0x00000000c7b00000, 0x00000000c7c00000|  0%| F|  |TS33407|AC  0|TAMS 0x00000000c7b00000, 0x00000000c7b00000|
|  40|0x00000000c7c00000, 0x00000000c7c00000, 0x00000000c7d00000|  0%| F|  |TS33407|AC  0|TAMS 0x00000000c7c00000, 0x00000000c7c00000|
|  41|0x00000000c7d00000, 0x00000000c7d00000, 0x00000000c7e00000|  0%| F|  |TS33407|AC  0|TAMS 0x00000000c7d00000, 0x00000000c7d00000|
|  42|0x00000000c7e00000, 0x00000000c7e00000, 0x00000000c7f00000|  0%| F|  |TS33407|AC  0|TAMS 0x00000000c7e00000, 0x00000000c7e00000|
|  43|0x00000000c7f00000, 0x00000000c7f00000, 0x00000000c8000000|  0%| F|  |TS33407|AC  0|TAMS 0x00000000c7f00000, 0x00000000c7f00000|
|  44|0x00000000c8000000, 0x00000000c8000000, 0x00000000c8100000|  0%| F|  |TS33407|AC  0|TAMS 0x00000000c8000000, 0x00000000c8000000|
|  45|0x00000000c8100000, 0x00000000c8100000, 0x00000000c8200000|  0%| F|  |TS33407|AC  0|TAMS 0x00000000c8100000, 0x00000000c8100000|
|  46|0x00000000c8200000, 0x00000000c8200000, 0x00000000c8300000|  0%| F|  |TS33407|AC  0|TAMS 0x00000000c8200000, 0x00000000c8200000|
|  47|0x00000000c8300000, 0x00000000c8300000, 0x00000000c8400000|  0%| F|  |TS33407|AC  0|TAMS 0x00000000c8300000, 0x00000000c8300000|
|  48|0x00000000c8400000, 0x00000000c8400000, 0x00000000c8500000|  0%| F|  |TS33407|AC  0|TAMS 0x00000000c8400000, 0x00000000c8400000|
|  49|0x00000000c8500000, 0x00000000c8500000, 0x00000000c8600000|  0%| F|  |TS33407|AC  0|TAMS 0x00000000c8500000, 0x00000000c8500000|
|  50|0x00000000c8600000, 0x00000000c8600000, 0x00000000c8700000|  0%| F|  |TS33407|AC  0|TAMS 0x00000000c8600000, 0x00000000c8600000|
|  51|0x00000000c8700000, 0x00000000c8700000, 0x00000000c8800000|  0%| F|  |TS33407|AC  0|TAMS 0x00000000c8700000, 0x00000000c8700000|
|  52|0x00000000c8800000, 0x00000000c8800000, 0x00000000c8900000|  0%| F|  |TS33407|AC  0|TAMS 0x00000000c8800000, 0x00000000c8800000|
|  53|0x00000000c8900000, 0x00000000c8900000, 0x00000000c8a00000|  0%| F|  |TS33407|AC  0|TAMS 0x00000000c8900000, 0x00000000c8900000|
|  54|0x00000000c8a00000, 0x00000000c8a00000, 0x00000000c8b00000|  0%| F|  |TS33407|AC  0|TAMS 0x00000000c8a00000, 0x00000000c8a00000|
|  55|0x00000000c8b00000, 0x00000000c8b00000, 0x00000000c8c00000|  0%| F|  |TS33407|AC  0|TAMS 0x00000000c8b00000, 0x00000000c8b00000|
|  56|0x00000000c8c00000, 0x00000000c8c00000, 0x00000000c8d00000|  0%| F|  |TS33407|AC  0|TAMS 0x00000000c8c00000, 0x00000000c8c00000|
|  57|0x00000000c8d00000, 0x00000000c8d00000, 0x00000000c8e00000|  0%| F|  |TS33407|AC  0|TAMS 0x00000000c8d00000, 0x00000000c8d00000|
|  58|0x00000000c8e00000, 0x00000000c8e00000, 0x00000000c8f00000|  0%| F|  |TS33411|AC  0|TAMS 0x00000000c8e00000, 0x00000000c8e00000|
|  59|0x00000000c8f00000, 0x00000000c8f00000, 0x00000000c9000000|  0%| F|  |TS33409|AC  0|TAMS 0x00000000c8f00000, 0x00000000c8f00000|
|  60|0x00000000c9000000, 0x00000000c9000000, 0x00000000c9100000|  0%| F|  |TS33409|AC  0|TAMS 0x00000000c9000000, 0x00000000c9000000|
|  61|0x00000000c9100000, 0x00000000c9100000, 0x00000000c9200000|  0%| F|  |TS33409|AC  0|TAMS 0x00000000c9100000, 0x00000000c9100000|
|  62|0x00000000c9200000, 0x00000000c9200000, 0x00000000c9300000|  0%| F|  |TS33409|AC  0|TAMS 0x00000000c9200000, 0x00000000c9200000|
|  63|0x00000000c9300000, 0x00000000c9300000, 0x00000000c9400000|  0%| F|  |TS33409|AC  0|TAMS 0x00000000c9300000, 0x00000000c9300000|
|  64|0x00000000c9400000, 0x00000000c9400000, 0x00000000c9500000|  0%| F|  |TS33409|AC  0|TAMS 0x00000000c9400000, 0x00000000c9400000|
|  65|0x00000000c9500000, 0x00000000c9500000, 0x00000000c9600000|  0%| F|  |TS33409|AC  0|TAMS 0x00000000c9500000, 0x00000000c9500000|
|  66|0x00000000c9600000, 0x00000000c9600000, 0x00000000c9700000|  0%| F|  |TS33409|AC  0|TAMS 0x00000000c9600000, 0x00000000c9600000|
|  67|0x00000000c9700000, 0x00000000c9700000, 0x00000000c9800000|  0%| F|  |TS33409|AC  0|TAMS 0x00000000c9700000, 0x00000000c9700000|
|  68|0x00000000c9800000, 0x00000000c9800000, 0x00000000c9900000|  0%| F|  |TS33409|AC  0|TAMS 0x00000000c9800000, 0x00000000c9800000|
|  69|0x00000000c9900000, 0x00000000c9900000, 0x00000000c9a00000|  0%| F|  |TS33409|AC  0|TAMS 0x00000000c9900000, 0x00000000c9900000|
|  70|0x00000000c9a00000, 0x00000000c9a00000, 0x00000000c9b00000|  0%| F|  |TS33409|AC  0|TAMS 0x00000000c9a00000, 0x00000000c9a00000|
|  71|0x00000000c9b00000, 0x00000000c9b00000, 0x00000000c9c00000|  0%| F|  |TS33409|AC  0|TAMS 0x00000000c9b00000, 0x00000000c9b00000|
|  72|0x00000000c9c00000, 0x00000000c9c00000, 0x00000000c9d00000|  0%| F|  |TS33409|AC  0|TAMS 0x00000000c9c00000, 0x00000000c9c00000|
|  73|0x00000000c9d00000, 0x00000000c9d00000, 0x00000000c9e00000|  0%| F|  |TS33409|AC  0|TAMS 0x00000000c9d00000, 0x00000000c9d00000|
|  74|0x00000000c9e00000, 0x00000000c9e00000, 0x00000000c9f00000|  0%| F|  |TS33409|AC  0|TAMS 0x00000000c9e00000, 0x00000000c9e00000|
|  75|0x00000000c9f00000, 0x00000000c9f00000, 0x00000000ca000000|  0%| F|  |TS33409|AC  0|TAMS 0x00000000c9f00000, 0x00000000c9f00000|
|  76|0x00000000ca000000, 0x00000000ca000000, 0x00000000ca100000|  0%| F|  |TS33409|AC  0|TAMS 0x00000000ca000000, 0x00000000ca000000|
|  77|0x00000000ca100000, 0x00000000ca100000, 0x00000000ca200000|  0%| F|  |TS33409|AC  0|TAMS 0x00000000ca100000, 0x00000000ca100000|
|  78|0x00000000ca200000, 0x00000000ca200000, 0x00000000ca300000|  0%| F|  |TS33409|AC  0|TAMS 0x00000000ca200000, 0x00000000ca200000|
|  79|0x00000000ca300000, 0x00000000ca300000, 0x00000000ca400000|  0%| F|  |TS33409|AC  0|TAMS 0x00000000ca300000, 0x00000000ca300000|
|  80|0x00000000ca400000, 0x00000000ca400000, 0x00000000ca500000|  0%| F|  |TS33409|AC  0|TAMS 0x00000000ca400000, 0x00000000ca400000|
|  81|0x00000000ca500000, 0x00000000ca500000, 0x00000000ca600000|  0%| F|  |TS33409|AC  0|TAMS 0x00000000ca500000, 0x00000000ca500000|
|  82|0x00000000ca600000, 0x00000000ca600000, 0x00000000ca700000|  0%| F|  |TS33409|AC  0|TAMS 0x00000000ca600000, 0x00000000ca600000|
|  83|0x00000000ca700000, 0x00000000ca700000, 0x00000000ca800000|  0%| F|  |TS33409|AC  0|TAMS 0x00000000ca700000, 0x00000000ca700000|
|  84|0x00000000ca800000, 0x00000000ca800000, 0x00000000ca900000|  0%| F|  |TS33409|AC  0|TAMS 0x00000000ca800000, 0x00000000ca800000|
|  85|0x00000000ca900000, 0x00000000ca900000, 0x00000000caa00000|  0%| F|  |TS33409|AC  0|TAMS 0x00000000ca900000, 0x00000000ca900000|
|  86|0x00000000caa00000, 0x00000000caa00000, 0x00000000cab00000|  0%| F|  |TS33409|AC  0|TAMS 0x00000000caa00000, 0x00000000caa00000|
|  87|0x00000000cab00000, 0x00000000cab00000, 0x00000000cac00000|  0%| F|  |TS33409|AC  0|TAMS 0x00000000cab00000, 0x00000000cab00000|
|  88|0x00000000cac00000, 0x00000000cac00000, 0x00000000cad00000|  0%| F|  |TS33409|AC  0|TAMS 0x00000000cac00000, 0x00000000cac00000|
|  89|0x00000000cad00000, 0x00000000cad00000, 0x00000000cae00000|  0%| F|  |TS33409|AC  0|TAMS 0x00000000cad00000, 0x00000000cad00000|
|  90|0x00000000cae00000, 0x00000000cae00000, 0x00000000caf00000|  0%| F|  |TS33409|AC  0|TAMS 0x00000000cae00000, 0x00000000cae00000|
|  91|0x00000000caf00000, 0x00000000caf00000, 0x00000000cb000000|  0%| F|  |TS33409|AC  0|TAMS 0x00000000caf00000, 0x00000000caf00000|
|  92|0x00000000cb000000, 0x00000000cb000000, 0x00000000cb100000|  0%| F|  |TS33409|AC  0|TAMS 0x00000000cb000000, 0x00000000cb000000|
|  93|0x00000000cb100000, 0x00000000cb100000, 0x00000000cb200000|  0%| F|  |TS33409|AC  0|TAMS 0x00000000cb100000, 0x00000000cb100000|
|  94|0x00000000cb200000, 0x00000000cb200000, 0x00000000cb300000|  0%| F|  |TS33409|AC  0|TAMS 0x00000000cb200000, 0x00000000cb200000|
|  95|0x00000000cb300000, 0x00000000cb300000, 0x00000000cb400000|  0%| F|  |TS33409|AC  0|TAMS 0x00000000cb300000, 0x00000000cb300000|
|  96|0x00000000cb400000, 0x00000000cb400000, 0x00000000cb500000|  0%| F|  |TS33445|AC  0|TAMS 0x00000000cb400000, 0x00000000cb400000|
|  97|0x00000000cb500000, 0x00000000cb500000, 0x00000000cb600000|  0%| F|  |TS33445|AC  0|TAMS 0x00000000cb500000, 0x00000000cb500000|
|  98|0x00000000cb600000, 0x00000000cb600000, 0x00000000cb700000|  0%| F|  |TS33443|AC  0|TAMS 0x00000000cb600000, 0x00000000cb600000|
|  99|0x00000000cb700000, 0x00000000cb700000, 0x00000000cb800000|  0%| F|  |TS33443|AC  0|TAMS 0x00000000cb700000, 0x00000000cb700000|
| 100|0x00000000cb800000, 0x00000000cb800000, 0x00000000cb900000|  0%| F|  |TS33443|AC  0|TAMS 0x00000000cb800000, 0x00000000cb800000|
| 101|0x00000000cb900000, 0x00000000cb900000, 0x00000000cba00000|  0%| F|  |TS33443|AC  0|TAMS 0x00000000cb900000, 0x00000000cb900000|
| 102|0x00000000cba00000, 0x00000000cba00000, 0x00000000cbb00000|  0%| F|  |TS33443|AC  0|TAMS 0x00000000cba00000, 0x00000000cba00000|
| 103|0x00000000cbb00000, 0x00000000cbb00000, 0x00000000cbc00000|  0%| F|  |TS33443|AC  0|TAMS 0x00000000cbb00000, 0x00000000cbb00000|
| 104|0x00000000cbc00000, 0x00000000cbc00000, 0x00000000cbd00000|  0%| F|  |TS33443|AC  0|TAMS 0x00000000cbc00000, 0x00000000cbc00000|
| 105|0x00000000cbd00000, 0x00000000cbd00000, 0x00000000cbe00000|  0%| F|  |TS33443|AC  0|TAMS 0x00000000cbd00000, 0x00000000cbd00000|
| 106|0x00000000cbe00000, 0x00000000cbe00000, 0x00000000cbf00000|  0%| F|  |TS33443|AC  0|TAMS 0x00000000cbe00000, 0x00000000cbe00000|
| 107|0x00000000cbf00000, 0x00000000cbf00000, 0x00000000cc000000|  0%| F|  |TS33443|AC  0|TAMS 0x00000000cbf00000, 0x00000000cbf00000|
| 108|0x00000000cc000000, 0x00000000cc000000, 0x00000000cc100000|  0%| F|  |TS33443|AC  0|TAMS 0x00000000cc000000, 0x00000000cc000000|
| 109|0x00000000cc100000, 0x00000000cc100000, 0x00000000cc200000|  0%| F|  |TS33443|AC  0|TAMS 0x00000000cc100000, 0x00000000cc100000|
| 110|0x00000000cc200000, 0x00000000cc200000, 0x00000000cc300000|  0%| F|  |TS33443|AC  0|TAMS 0x00000000cc200000, 0x00000000cc200000|
| 111|0x00000000cc300000, 0x00000000cc300000, 0x00000000cc400000|  0%| F|  |TS33443|AC  0|TAMS 0x00000000cc300000, 0x00000000cc300000|
| 112|0x00000000cc400000, 0x00000000cc400000, 0x00000000cc500000|  0%| F|  |TS33443|AC  0|TAMS 0x00000000cc400000, 0x00000000cc400000|
| 113|0x00000000cc500000, 0x00000000cc500000, 0x00000000cc600000|  0%| F|  |TS33443|AC  0|TAMS 0x00000000cc500000, 0x00000000cc500000|
| 114|0x00000000cc600000, 0x00000000cc600000, 0x00000000cc700000|  0%| F|  |TS33443|AC  0|TAMS 0x00000000cc600000, 0x00000000cc600000|
| 115|0x00000000cc700000, 0x00000000cc700000, 0x00000000cc800000|  0%| F|  |TS33443|AC  0|TAMS 0x00000000cc700000, 0x00000000cc700000|
| 116|0x00000000cc800000, 0x00000000cc800000, 0x00000000cc900000|  0%| F|  |TS33443|AC  0|TAMS 0x00000000cc800000, 0x00000000cc800000|
| 117|0x00000000cc900000, 0x00000000cc900000, 0x00000000cca00000|  0%| F|  |TS33443|AC  0|TAMS 0x00000000cc900000, 0x00000000cc900000|
| 118|0x00000000cca00000, 0x00000000cca00000, 0x00000000ccb00000|  0%| F|  |TS33443|AC  0|TAMS 0x00000000cca00000, 0x00000000cca00000|
| 119|0x00000000ccb00000, 0x00000000ccb00000, 0x00000000ccc00000|  0%| F|  |TS33443|AC  0|TAMS 0x00000000ccb00000, 0x00000000ccb00000|
| 120|0x00000000ccc00000, 0x00000000ccc00000, 0x00000000ccd00000|  0%| F|  |TS33443|AC  0|TAMS 0x00000000ccc00000, 0x00000000ccc00000|
| 121|0x00000000ccd00000, 0x00000000ccd00000, 0x00000000cce00000|  0%| F|  |TS33443|AC  0|TAMS 0x00000000ccd00000, 0x00000000ccd00000|
| 122|0x00000000cce00000, 0x00000000cce00000, 0x00000000ccf00000|  0%| F|  |TS33443|AC  0|TAMS 0x00000000cce00000, 0x00000000cce00000|
| 123|0x00000000ccf00000, 0x00000000ccf00000, 0x00000000cd000000|  0%| F|  |TS33443|AC  0|TAMS 0x00000000ccf00000, 0x00000000ccf00000|
| 124|0x00000000cd000000, 0x00000000cd000000, 0x00000000cd100000|  0%| F|  |TS33443|AC  0|TAMS 0x00000000cd000000, 0x00000000cd000000|
| 125|0x00000000cd100000, 0x00000000cd100000, 0x00000000cd200000|  0%| F|  |TS33443|AC  0|TAMS 0x00000000cd100000, 0x00000000cd100000|
| 126|0x00000000cd200000, 0x00000000cd200000, 0x00000000cd300000|  0%| F|  |TS33443|AC  0|TAMS 0x00000000cd200000, 0x00000000cd200000|
| 127|0x00000000cd300000, 0x00000000cd300000, 0x00000000cd400000|  0%| F|  |TS33443|AC  0|TAMS 0x00000000cd300000, 0x00000000cd300000|
| 128|0x00000000cd400000, 0x00000000cd44fbe0, 0x00000000cd500000| 31%| S|CS|TS33447|AC  0|TAMS 0x00000000cd400000, 0x00000000cd400000|
| 129|0x00000000cd500000, 0x00000000cd500000, 0x00000000cd600000|  0%| F|  |TS33447|AC  0|TAMS 0x00000000cd500000, 0x00000000cd500000|
| 130|0x00000000cd600000, 0x00000000cd600000, 0x00000000cd700000|  0%| F|  |TS33447|AC  0|TAMS 0x00000000cd600000, 0x00000000cd600000|
| 131|0x00000000cd700000, 0x00000000cd700000, 0x00000000cd800000|  0%| F|  |TS33447|AC  0|TAMS 0x00000000cd700000, 0x00000000cd700000|
| 132|0x00000000cd800000, 0x00000000cd800000, 0x00000000cd900000|  0%| F|  |TS33447|AC  0|TAMS 0x00000000cd800000, 0x00000000cd800000|
| 133|0x00000000cd900000, 0x00000000cd900000, 0x00000000cda00000|  0%| F|  |TS33447|AC  0|TAMS 0x00000000cd900000, 0x00000000cd900000|
| 134|0x00000000cda00000, 0x00000000cda00000, 0x00000000cdb00000|  0%| F|  |TS33447|AC  0|TAMS 0x00000000cda00000, 0x00000000cda00000|

Card table byte_map: [0x00007fd725756000,0x00007fd72592c000] byte_map_base: 0x00007fd72512c000

Marking Bits (Prev, Next): (CMBitMap*) 0x00007fd740068b10, (CMBitMap*) 0x00007fd740068b48
 Prev Bits: [0x00007fd7246d0000, 0x00007fd725580000)
 Next Bits: [0x00007fd6ff150000, 0x00007fd700000000)

Polling page: 0x00007fd746df5000

CodeHeap 'non-profiled nmethods': size=120032Kb used=5061Kb max_used=5061Kb free=114971Kb
 bounds [0x00007fd72e683000, 0x00007fd72eb83000, 0x00007fd735bbb000]
CodeHeap 'profiled nmethods': size=120032Kb used=5345Kb max_used=9945Kb free=114687Kb
 bounds [0x00007fd72714b000, 0x00007fd727b2b000, 0x00007fd72e683000]
CodeHeap 'non-nmethods': size=5696Kb used=1253Kb max_used=1299Kb free=4442Kb
 bounds [0x00007fd726bbb000, 0x00007fd726e2b000, 0x00007fd72714b000]
 total_blobs=7842 nmethods=3589 adapters=361
 compilation: enabled

Compilation events (10 events):
Event: 143779.750 Thread 0x00007fd740135800 nmethod 4965 0x00007fd72e79b710 code [0x00007fd72e79b8c0, 0x00007fd72e79bb38]
Event: 143779.883 Thread 0x00007fd740133800 nmethod 4966 0x00007fd72e8f4e10 code [0x00007fd72e8f5020, 0x00007fd72e8f64a8]
Event: 146394.449 Thread 0x00007fd740135800 4967   !   4       sun.net.www.http.HttpClient::openServer (104 bytes)
Event: 146394.645 Thread 0x00007fd740135800 nmethod 4967 0x00007fd72e98e790 code [0x00007fd72e98eae0, 0x00007fd72e990c10]
Event: 150995.678 Thread 0x00007fd740137800 4968       3       java.util.concurrent.ConcurrentSkipListMap::casHead (10 bytes)
Event: 150995.713 Thread 0x00007fd740137800 nmethod 4968 0x00007fd727176510 code [0x00007fd7271767a0, 0x00007fd727177598]
Event: 163355.400 Thread 0x00007fd740133800 4969       4       java.net.Inet4Address::<init> (29 bytes)
Event: 163355.743 Thread 0x00007fd740133800 nmethod 4969 0x00007fd72e7df010 code [0x00007fd72e7df1a0, 0x00007fd72e7df458]
Event: 167212.117 Thread 0x00007fd740135800 4970       4       java.util.concurrent.ThreadLocalRandom::nextSecondarySeed (74 bytes)
Event: 167212.412 Thread 0x00007fd740135800 nmethod 4970 0x00007fd72e79b310 code [0x00007fd72e79b4a0, 0x00007fd72e79b538]

GC Heap History (10 events):
Event: 178703.325 GC heap after
{Heap after GC invocations=16719 (full 0):
 garbage-first heap   total 138240K, used 6908K [0x00000000c5400000, 0x00000000c5500438, 0x0000000100000000)
  region size 1024K, 1 young (1024K), 1 survivors (1024K)
 Metaspace       used 18517K, capacity 19360K, committed 19584K, reserved 1067008K
  class space    used 1693K, capacity 1856K, committed 1920K, reserved 1048576K
}
Event: 178704.293 GC heap before
{Heap before GC invocations=16719 (full 0):
 garbage-first heap   total 138240K, used 12028K [0x00000000c5400000, 0x00000000c5500438, 0x0000000100000000)
  region size 1024K, 6 young (6144K), 1 survivors (1024K)
 Metaspace       used 18517K, capacity 19360K, committed 19584K, reserved 1067008K
  class space    used 1693K, capacity 1856K, committed 1920K, reserved 1048576K
}
Event: 178704.294 GC heap after
{Heap after GC invocations=16720 (full 0):
 garbage-first heap   total 138240K, used 6833K [0x00000000c5400000, 0x00000000c5500438, 0x0000000100000000)
  region size 1024K, 1 young (1024K), 1 survivors (1024K)
 Metaspace       used 18517K, capacity 19360K, committed 19584K, reserved 1067008K
  class space    used 1693K, capacity 1856K, committed 1920K, reserved 1048576K
}
Event: 178706.227 GC heap before
{Heap before GC invocations=16720 (full 0):
 garbage-first heap   total 138240K, used 17073K [0x00000000c5400000, 0x00000000c5500438, 0x0000000100000000)
  region size 1024K, 11 young (11264K), 1 survivors (1024K)
 Metaspace       used 18517K, capacity 19360K, committed 19584K, reserved 1067008K
  class space    used 1693K, capacity 1856K, committed 1920K, reserved 1048576K
}
Event: 178706.229 GC heap after
{Heap after GC invocations=16721 (full 0):
 garbage-first heap   total 138240K, used 6929K [0x00000000c5400000, 0x00000000c5500438, 0x0000000100000000)
  region size 1024K, 1 young (1024K), 1 survivors (1024K)
 Metaspace       used 18517K, capacity 19360K, committed 19584K, reserved 1067008K
  class space    used 1693K, capacity 1856K, committed 1920K, reserved 1048576K
}
Event: 178719.590 GC heap before
{Heap before GC invocations=16721 (full 0):
 garbage-first heap   total 138240K, used 43793K [0x00000000c5400000, 0x00000000c5500438, 0x0000000100000000)
  region size 1024K, 37 young (37888K), 1 survivors (1024K)
 Metaspace       used 18517K, capacity 19360K, committed 19584K, reserved 1067008K
  class space    used 1693K, capacity 1856K, committed 1920K, reserved 1048576K
}
Event: 178724.994 GC heap after
{Heap after GC invocations=16722 (full 0):
 garbage-first heap   total 138240K, used 8125K [0x00000000c5400000, 0x00000000c5500438, 0x0000000100000000)
  region size 1024K, 2 young (2048K), 2 survivors (2048K)
 Metaspace       used 18517K, capacity 19360K, committed 19584K, reserved 1067008K
  class space    used 1693K, capacity 1856K, committed 1920K, reserved 1048576K
}
Event: 178730.317 GC heap before
{Heap before GC invocations=16722 (full 0):
 garbage-first heap   total 138240K, used 12221K [0x00000000c5400000, 0x00000000c5500438, 0x0000000100000000)
  region size 1024K, 6 young (6144K), 2 survivors (2048K)
 Metaspace       used 18517K, capacity 19360K, committed 19584K, reserved 1067008K
  class space    used 1693K, capacity 1856K, committed 1920K, reserved 1048576K
}
Event: 178730.555 GC heap after
{Heap after GC invocations=16723 (full 0):
 garbage-first heap   total 138240K, used 6754K [0x00000000c5400000, 0x00000000c5500438, 0x0000000100000000)
  region size 1024K, 1 young (1024K), 1 survivors (1024K)
 Metaspace       used 18517K, capacity 19360K, committed 19584K, reserved 1067008K
  class space    used 1693K, capacity 1856K, committed 1920K, reserved 1048576K
}
Event: 178731.434 GC heap before
{Heap before GC invocations=16723 (full 0):
 garbage-first heap   total 138240K, used 11874K [0x00000000c5400000, 0x00000000c5500438, 0x0000000100000000)
  region size 1024K, 6 young (6144K), 1 survivors (1024K)
 Metaspace       used 18517K, capacity 19360K, committed 19584K, reserved 1067008K
  class space    used 1693K, capacity 1856K, committed 1920K, reserved 1048576K
}

Deoptimization events (10 events):
Event: 113585.960 Thread 0x00007fd740012000 Uncommon trap: reason=unstable_if action=reinterpret pc=0x00007fd72eb55698 method=java.net.InetAddress$CachedAddresses.compareTo(Ljava/net/InetAddress$CachedAddresses;)I @ 21 c2
Event: 113586.110 Thread 0x00007fd740012000 Uncommon trap: reason=unstable_if action=reinterpret pc=0x00007fd72e9c4f00 method=sun.net.www.http.HttpClient.parseHTTPHeader(Lsun/net/www/MessageHeader;Lsun/net/ProgressSource;Lsun/net/www/protocol/http/HttpURLConnection;)Z @ 863 c2
Event: 113586.130 Thread 0x00007fd740012000 Uncommon trap: reason=unstable_if action=reinterpret pc=0x00007fd72e8f75c4 method=java.lang.Long.parseLong(Ljava/lang/String;I)J @ 1 c2
Event: 113586.138 Thread 0x00007fd740012000 Uncommon trap: reason=bimorphic_or_optimized_type_check action=maybe_recompile pc=0x00007fd72e81c878 method=java.io.FilterInputStream.available()I @ 4 c2
Event: 113586.144 Thread 0x00007fd740012000 Uncommon trap: reason=unstable_if action=reinterpret pc=0x00007fd72e8463fc method=java.net.SocketInputStream.read([BIII)I @ 124 c2
Event: 113586.144 Thread 0x00007fd740012000 Uncommon trap: reason=unstable_if action=reinterpret pc=0x00007fd72e79bda0 method=java.io.BufferedInputStream.read1([BII)I @ 60 c2
Event: 113586.144 Thread 0x00007fd740012000 Uncommon trap: reason=unstable_if action=reinterpret pc=0x00007fd72e78ca0c method=java.io.BufferedInputStream.read1([BII)I @ 60 c2
Event: 113586.144 Thread 0x00007fd740012000 Uncommon trap: reason=unstable_if action=reinterpret pc=0x00007fd72eb12a98 method=com.google.gson.stream.JsonWriter.string(Ljava/lang/String;)V @ 104 c2
Event: 113586.145 Thread 0x00007fd740012000 Uncommon trap: reason=speculate_class_check action=maybe_recompile pc=0x00007fd72eafa248 method=com.google.gson.JsonElement.isJsonArray()Z @ 1 c2
Event: 113586.145 Thread 0x00007fd740012000 Uncommon trap: reason=unstable_if action=reinterpret pc=0x00007fd72e8a9d04 method=com.google.gson.stream.JsonWriter.close(IILjava/lang/String;)Lcom/google/gson/stream/JsonWriter; @ 9 c2

Classes redefined (0 events):
No events

Internal exceptions (10 events):
Event: 22889.074 Thread 0x00007fd740012000 Implicit null exception at 0x00007fd72e7e7e7b to 0x00007fd72e7e7f1d
Event: 22889.146 Thread 0x00007fd740012000 Implicit null exception at 0x00007fd72e8b328f to 0x00007fd72e8b5ab5
Event: 22889.219 Thread 0x00007fd740012000 Implicit null exception at 0x00007fd72e9bd6c3 to 0x00007fd72e9be421
Event: 22889.219 Thread 0x00007fd740012000 Implicit null exception at 0x00007fd72e914d33 to 0x00007fd72e914fd1
Event: 30513.268 Thread 0x00007fd740012000 Implicit null exception at 0x00007fd72ea085d8 to 0x00007fd72ea086f8
Event: 30513.268 Thread 0x00007fd740012000 Implicit null exception at 0x00007fd72e795584 to 0x00007fd72e79560b
Event: 30513.269 Thread 0x00007fd740012000 Implicit null exception at 0x00007fd72eb28988 to 0x00007fd72eb2c6f7
Event: 102218.468 Thread 0x00007fd740012000 Implicit null exception at 0x00007fd72e7a4990 to 0x00007fd72e7a660e
Event: 113586.110 Thread 0x00007fd740012000 Implicit null exception at 0x00007fd72e9c08b8 to 0x00007fd72e9c4eed
Event: 113586.110 Thread 0x00007fd740012000 Implicit null exception at 0x00007fd72e8f3ed8 to 0x00007fd72e8f75ad

Events (10 events):
Event: 178715.466 Executing VM operation: RevokeBias done
Event: 178718.019 Executing VM operation: G1IncCollectionPause
Event: 178725.297 Executing VM operation: G1IncCollectionPause done
Event: 178725.734 Executing VM operation: RevokeBias
Event: 178725.901 Executing VM operation: RevokeBias done
Event: 178726.284 Thread 0x00007fd740f29000 Thread exited: 0x00007fd740f29000
Event: 178729.938 Thread 0x00007fd7403f0000 Thread added: 0x00007fd7403f0000
Event: 178730.317 Executing VM operation: G1IncCollectionPause
Event: 178730.555 Executing VM operation: G1IncCollectionPause done
Event: 178731.434 Executing VM operation: G1IncCollectionPause


Dynamic libraries:
c5400000-cdb00000 rw-p 00000000 00:00 0 
dba00000-100000000 ---p 00000000 00:00 0 
100000000-1001e0000 rw-p 00000000 00:00 0 
1001e0000-140000000 ---p 00000000 00:00 0 
55fd5d3da000-55fd5d3db000 r-xp 00000000 08:02 4981133                    /usr/lib/jvm/java-9-openjdk/bin/java
55fd5d5db000-55fd5d5dc000 r--p 00001000 08:02 4981133                    /usr/lib/jvm/java-9-openjdk/bin/java
55fd5d5dc000-55fd5d5dd000 rw-p 00002000 08:02 4981133                    /usr/lib/jvm/java-9-openjdk/bin/java
55fd5e8f6000-55fd5e917000 rw-p 00000000 00:00 0                          [heap]
7fd6b8000000-7fd6b8021000 rw-p 00000000 00:00 0 
7fd6b8021000-7fd6bc000000 ---p 00000000 00:00 0 
7fd6c0000000-7fd6c0021000 rw-p 00000000 00:00 0 
7fd6c0021000-7fd6c4000000 ---p 00000000 00:00 0 
7fd6c4000000-7fd6c4021000 rw-p 00000000 00:00 0 
7fd6c4021000-7fd6c8000000 ---p 00000000 00:00 0 
7fd6c8000000-7fd6c8021000 rw-p 00000000 00:00 0 
7fd6c8021000-7fd6cc000000 ---p 00000000 00:00 0 
7fd6cc000000-7fd6cc021000 rw-p 00000000 00:00 0 
7fd6cc021000-7fd6d0000000 ---p 00000000 00:00 0 
7fd6d0000000-7fd6d00a1000 rw-p 00000000 00:00 0 
7fd6d00a1000-7fd6d4000000 ---p 00000000 00:00 0 
7fd6d5e24000-7fd6d5e28000 ---p 00000000 00:00 0 
7fd6d5e28000-7fd6d6065000 rw-p 00000000 00:00 0 
7fd6d6065000-7fd6d6125000 ---p 00000000 00:00 0 
7fd6d6125000-7fd6d6325000 rw-p 00000000 00:00 0 
7fd6d6325000-7fd6d640d000 r-xp 00000000 00:25 7043029                    /tmp/sqlite-3.23.1-3248cfbd-419e-4ed5-9a5b-714598572967-libsqlitejdbc.so
7fd6d640d000-7fd6d660c000 ---p 000e8000 00:25 7043029                    /tmp/sqlite-3.23.1-3248cfbd-419e-4ed5-9a5b-714598572967-libsqlitejdbc.so
7fd6d660c000-7fd6d6611000 rw-p 000e7000 00:25 7043029                    /tmp/sqlite-3.23.1-3248cfbd-419e-4ed5-9a5b-714598572967-libsqlitejdbc.so
7fd6d6611000-7fd6d6612000 rw-p 00000000 00:00 0 
7fd6d6612000-7fd6d6616000 ---p 00000000 00:00 0 
7fd6d6616000-7fd6d6713000 rw-p 00000000 00:00 0 
7fd6d6713000-7fd6d6726000 r-xp 00000000 08:02 3410059                    /usr/lib/libresolv-2.26.so
7fd6d6726000-7fd6d6926000 ---p 00013000 08:02 3410059                    /usr/lib/libresolv-2.26.so
7fd6d6926000-7fd6d6927000 r--p 00013000 08:02 3410059                    /usr/lib/libresolv-2.26.so
7fd6d6927000-7fd6d6928000 rw-p 00014000 08:02 3410059                    /usr/lib/libresolv-2.26.so
7fd6d6928000-7fd6d692a000 rw-p 00000000 00:00 0 
7fd6d692a000-7fd6d692f000 r-xp 00000000 08:02 3410070                    /usr/lib/libnss_dns-2.26.so
7fd6d692f000-7fd6d6b2e000 ---p 00005000 08:02 3410070                    /usr/lib/libnss_dns-2.26.so
7fd6d6b2e000-7fd6d6b2f000 r--p 00004000 08:02 3410070                    /usr/lib/libnss_dns-2.26.so
7fd6d6b2f000-7fd6d6b30000 rw-p 00005000 08:02 3410070                    /usr/lib/libnss_dns-2.26.so
7fd6d6b30000-7fd6d6b67000 r-xp 00000000 08:02 3414821                    /usr/lib/libnss_resolve.so.2
7fd6d6b67000-7fd6d6d66000 ---p 00037000 08:02 3414821                    /usr/lib/libnss_resolve.so.2
7fd6d6d66000-7fd6d6d69000 r--p 00036000 08:02 3414821                    /usr/lib/libnss_resolve.so.2
7fd6d6d69000-7fd6d6d6a000 rw-p 00039000 08:02 3414821                    /usr/lib/libnss_resolve.so.2
7fd6d6d6a000-7fd6d6da2000 r-xp 00000000 08:02 3414820                    /usr/lib/libnss_mymachines.so.2
7fd6d6da2000-7fd6d6fa1000 ---p 00038000 08:02 3414820                    /usr/lib/libnss_mymachines.so.2
7fd6d6fa1000-7fd6d6fa4000 r--p 00037000 08:02 3414820                    /usr/lib/libnss_mymachines.so.2
7fd6d6fa4000-7fd6d6fa5000 rw-p 0003a000 08:02 3414820                    /usr/lib/libnss_mymachines.so.2
7fd6d6fa5000-7fd6d71a5000 rw-p 00000000 00:00 0 
7fd6d71a5000-7fd6d73a5000 rw-p 00000000 00:00 0 
7fd6d73a5000-7fd6d73ce000 r-xp 00000000 08:02 4981174                    /usr/lib/jvm/java-9-openjdk/lib/libsunec.so
7fd6d73ce000-7fd6d75cd000 ---p 00029000 08:02 4981174                    /usr/lib/jvm/java-9-openjdk/lib/libsunec.so
7fd6d75cd000-7fd6d75d1000 r--p 00028000 08:02 4981174                    /usr/lib/jvm/java-9-openjdk/lib/libsunec.so
7fd6d75d1000-7fd6d75d2000 rw-p 0002c000 08:02 4981174                    /usr/lib/jvm/java-9-openjdk/lib/libsunec.so
7fd6d75d2000-7fd6d77d2000 rw-p 00000000 00:00 0 
7fd6d77d2000-7fd6d77d3000 ---p 00000000 00:00 0 
7fd6d77d3000-7fd6d78d3000 rw-p 00000000 00:00 0 
7fd6d78d3000-7fd6d78d7000 ---p 00000000 00:00 0 
7fd6d78d7000-7fd6d79d4000 rw-p 00000000 00:00 0 
7fd6d79d4000-7fd6d79d8000 ---p 00000000 00:00 0 
7fd6d79d8000-7fd6d7ad5000 rw-p 00000000 00:00 0 
7fd6d7ad5000-7fd6d7aeb000 r-xp 00000000 08:02 4981158                    /usr/lib/jvm/java-9-openjdk/lib/libnet.so
7fd6d7aeb000-7fd6d7ceb000 ---p 00016000 08:02 4981158                    /usr/lib/jvm/java-9-openjdk/lib/libnet.so
7fd6d7ceb000-7fd6d7cec000 r--p 00016000 08:02 4981158                    /usr/lib/jvm/java-9-openjdk/lib/libnet.so
7fd6d7cec000-7fd6d7ced000 rw-p 00017000 08:02 4981158                    /usr/lib/jvm/java-9-openjdk/lib/libnet.so
7fd6d7ced000-7fd6d7cfe000 r-xp 00000000 08:02 4981156                    /usr/lib/jvm/java-9-openjdk/lib/libnio.so
7fd6d7cfe000-7fd6d7efd000 ---p 00011000 08:02 4981156                    /usr/lib/jvm/java-9-openjdk/lib/libnio.so
7fd6d7efd000-7fd6d7efe000 r--p 00010000 08:02 4981156                    /usr/lib/jvm/java-9-openjdk/lib/libnio.so
7fd6d7efe000-7fd6d7eff000 rw-p 00011000 08:02 4981156                    /usr/lib/jvm/java-9-openjdk/lib/libnio.so
7fd6d7eff000-7fd6d7f03000 ---p 00000000 00:00 0 
7fd6d7f03000-7fd6d8000000 rw-p 00000000 00:00 0 
7fd6d8000000-7fd6d9fc5000 rw-p 00000000 00:00 0 
7fd6d9fc5000-7fd6dc000000 ---p 00000000 00:00 0 
7fd6dc000000-7fd6dc957000 rw-p 00000000 00:00 0 
7fd6dc957000-7fd6e0000000 ---p 00000000 00:00 0 
7fd6e0000000-7fd6e0021000 rw-p 00000000 00:00 0 
7fd6e0021000-7fd6e4000000 ---p 00000000 00:00 0 
7fd6e4000000-7fd6e5fcc000 rw-p 00000000 00:00 0 
7fd6e5fcc000-7fd6e8000000 ---p 00000000 00:00 0 
7fd6e8000000-7fd6e8021000 rw-p 00000000 00:00 0 
7fd6e8021000-7fd6ec000000 ---p 00000000 00:00 0 
7fd6ec000000-7fd6ec021000 rw-p 00000000 00:00 0 
7fd6ec021000-7fd6f0000000 ---p 00000000 00:00 0 
7fd6f0000000-7fd6f0021000 rw-p 00000000 00:00 0 
7fd6f0021000-7fd6f4000000 ---p 00000000 00:00 0 
7fd6f4000000-7fd6f407d000 rw-p 00000000 00:00 0 
7fd6f407d000-7fd6f8000000 ---p 00000000 00:00 0 
7fd6f8000000-7fd6f8021000 rw-p 00000000 00:00 0 
7fd6f8021000-7fd6fc000000 ---p 00000000 00:00 0 
7fd6fc0ae000-7fd6fc0b2000 ---p 00000000 00:00 0 
7fd6fc0b2000-7fd6fc1af000 rw-p 00000000 00:00 0 
7fd6fc1af000-7fd6fc1b3000 ---p 00000000 00:00 0 
7fd6fc1b3000-7fd6fc2b0000 rw-p 00000000 00:00 0 
7fd6fc2b0000-7fd6fc2b4000 ---p 00000000 00:00 0 
7fd6fc2b4000-7fd6fc3b1000 rw-p 00000000 00:00 0 
7fd6fc3b1000-7fd6fc3b5000 ---p 00000000 00:00 0 
7fd6fc3b5000-7fd6fc4b2000 rw-p 00000000 00:00 0 
7fd6fc4b2000-7fd6fc64d000 r--p 00000000 08:02 3428931                    /usr/lib/locale/locale-archive
7fd6fc64d000-7fd6fc651000 ---p 00000000 00:00 0 
7fd6fc651000-7fd6fc74e000 rw-p 00000000 00:00 0 
7fd6fc74e000-7fd6fc752000 ---p 00000000 00:00 0 
7fd6fc752000-7fd6fc84f000 rw-p 00000000 00:00 0 
7fd6fc84f000-7fd6fc850000 ---p 00000000 00:00 0 
7fd6fc850000-7fd6fd150000 rw-p 00000000 00:00 0 
7fd6fd150000-7fd6ff150000 rwxp 00000000 00:00 0 
7fd6ff150000-7fd6ff36c000 rw-p 00000000 00:00 0 
7fd6ff36c000-7fd700000000 ---p 00000000 00:00 0 
7fd700000000-7fd700021000 rw-p 00000000 00:00 0 
7fd700021000-7fd704000000 ---p 00000000 00:00 0 
7fd704000000-7fd704021000 rw-p 00000000 00:00 0 
7fd704021000-7fd708000000 ---p 00000000 00:00 0 
7fd708000000-7fd708021000 rw-p 00000000 00:00 0 
7fd708021000-7fd70c000000 ---p 00000000 00:00 0 
7fd70c000000-7fd70c021000 rw-p 00000000 00:00 0 
7fd70c021000-7fd710000000 ---p 00000000 00:00 0 
7fd710000000-7fd710021000 rw-p 00000000 00:00 0 
7fd710021000-7fd714000000 ---p 00000000 00:00 0 
7fd714000000-7fd714021000 rw-p 00000000 00:00 0 
7fd714021000-7fd718000000 ---p 00000000 00:00 0 
7fd718000000-7fd718021000 rw-p 00000000 00:00 0 
7fd718021000-7fd71c000000 ---p 00000000 00:00 0 
7fd71c000000-7fd71c021000 rw-p 00000000 00:00 0 
7fd71c021000-7fd720000000 ---p 00000000 00:00 0 
7fd720000000-7fd720021000 rw-p 00000000 00:00 0 
7fd720021000-7fd724000000 ---p 00000000 00:00 0 
7fd724023000-7fd7244ce000 rw-p 00000000 00:00 0 
7fd7244ce000-7fd7244cf000 ---p 00000000 00:00 0 
7fd7244cf000-7fd7245cf000 rw-p 00000000 00:00 0 
7fd7245cf000-7fd7245d0000 ---p 00000000 00:00 0 
7fd7245d0000-7fd7248ec000 rw-p 00000000 00:00 0 
7fd7248ec000-7fd725580000 ---p 00000000 00:00 0 
7fd725580000-7fd7255c4000 rw-p 00000000 00:00 0 
7fd7255c4000-7fd725756000 ---p 00000000 00:00 0 
7fd725756000-7fd72579a000 rw-p 00000000 00:00 0 
7fd72579a000-7fd725b02000 ---p 00000000 00:00 0 
7fd725b02000-7fd725b46000 rw-p 00000000 00:00 0 
7fd725b46000-7fd725cd8000 ---p 00000000 00:00 0 
7fd725cd8000-7fd725cd9000 ---p 00000000 00:00 0 
7fd725cd9000-7fd725dd9000 rw-p 00000000 00:00 0 
7fd725dd9000-7fd725dda000 ---p 00000000 00:00 0 
7fd725dda000-7fd725eda000 rw-p 00000000 00:00 0 
7fd725eda000-7fd725edb000 ---p 00000000 00:00 0 
7fd725edb000-7fd725fdb000 rw-p 00000000 00:00 0 
7fd725fdb000-7fd725fdc000 ---p 00000000 00:00 0 
7fd725fdc000-7fd7260dc000 rw-p 00000000 00:00 0 
7fd7260dc000-7fd7260dd000 ---p 00000000 00:00 0 
7fd7260dd000-7fd7265e1000 rw-p 00000000 00:00 0 
7fd7265e1000-7fd7265e2000 ---p 00000000 00:00 0 
7fd7265e2000-7fd7266e2000 rw-p 00000000 00:00 0 
7fd7266e2000-7fd7266e3000 ---p 00000000 00:00 0 
7fd7266e3000-7fd7267e3000 rw-p 00000000 00:00 0 
7fd7267e3000-7fd7267e4000 ---p 00000000 00:00 0 
7fd7267e4000-7fd7268e4000 rw-p 00000000 00:00 0 
7fd7268e4000-7fd7268e5000 ---p 00000000 00:00 0 
7fd7268e5000-7fd7269ef000 rw-p 00000000 00:00 0 
7fd7269ef000-7fd726ad0000 ---p 00000000 00:00 0 
7fd726ad0000-7fd726ae4000 rw-p 00000000 00:00 0 
7fd726ae4000-7fd726bbb000 ---p 00000000 00:00 0 
7fd726bbb000-7fd726e2b000 rwxp 00000000 00:00 0 
7fd726e2b000-7fd72714b000 ---p 00000000 00:00 0 
7fd72714b000-7fd727b2b000 rwxp 00000000 00:00 0 
7fd727b2b000-7fd72e683000 ---p 00000000 00:00 0 
7fd72e683000-7fd72eb83000 rwxp 00000000 00:00 0 
7fd72eb83000-7fd735bbb000 ---p 00000000 00:00 0 
7fd735bbb000-7fd73f186000 r--s 00000000 08:02 4981175                    /usr/lib/jvm/java-9-openjdk/lib/modules
7fd73f186000-7fd73f18b000 r-xp 00000000 08:02 4981157                    /usr/lib/jvm/java-9-openjdk/lib/libjimage.so
7fd73f18b000-7fd73f38a000 ---p 00005000 08:02 4981157                    /usr/lib/jvm/java-9-openjdk/lib/libjimage.so
7fd73f38a000-7fd73f38b000 r--p 00004000 08:02 4981157                    /usr/lib/jvm/java-9-openjdk/lib/libjimage.so
7fd73f38b000-7fd73f38c000 rw-p 00005000 08:02 4981157                    /usr/lib/jvm/java-9-openjdk/lib/libjimage.so
7fd73f38c000-7fd73f393000 r-xp 00000000 08:02 4981159                    /usr/lib/jvm/java-9-openjdk/lib/libzip.so
7fd73f393000-7fd73f592000 ---p 00007000 08:02 4981159                    /usr/lib/jvm/java-9-openjdk/lib/libzip.so
7fd73f592000-7fd73f593000 r--p 00006000 08:02 4981159                    /usr/lib/jvm/java-9-openjdk/lib/libzip.so
7fd73f593000-7fd73f594000 rw-p 00007000 08:02 4981159                    /usr/lib/jvm/java-9-openjdk/lib/libzip.so
7fd73f594000-7fd73f59f000 r-xp 00000000 08:02 3410066                    /usr/lib/libnss_files-2.26.so
7fd73f59f000-7fd73f79e000 ---p 0000b000 08:02 3410066                    /usr/lib/libnss_files-2.26.so
7fd73f79e000-7fd73f79f000 r--p 0000a000 08:02 3410066                    /usr/lib/libnss_files-2.26.so
7fd73f79f000-7fd73f7a0000 rw-p 0000b000 08:02 3410066                    /usr/lib/libnss_files-2.26.so
7fd73f7a0000-7fd73f7a6000 rw-p 00000000 00:00 0 
7fd73f7a6000-7fd73f7b1000 r-xp 00000000 08:02 3410064                    /usr/lib/libnss_nis-2.26.so
7fd73f7b1000-7fd73f9b0000 ---p 0000b000 08:02 3410064                    /usr/lib/libnss_nis-2.26.so
7fd73f9b0000-7fd73f9b1000 r--p 0000a000 08:02 3410064                    /usr/lib/libnss_nis-2.26.so
7fd73f9b1000-7fd73f9b2000 rw-p 0000b000 08:02 3410064                    /usr/lib/libnss_nis-2.26.so
7fd73f9b2000-7fd73f9c6000 r-xp 00000000 08:02 3410060                    /usr/lib/libnsl-2.26.so
7fd73f9c6000-7fd73fbc6000 ---p 00014000 08:02 3410060                    /usr/lib/libnsl-2.26.so
7fd73fbc6000-7fd73fbc7000 r--p 00014000 08:02 3410060                    /usr/lib/libnsl-2.26.so
7fd73fbc7000-7fd73fbc8000 rw-p 00015000 08:02 3410060                    /usr/lib/libnsl-2.26.so
7fd73fbc8000-7fd73fbca000 rw-p 00000000 00:00 0 
7fd73fbca000-7fd73fbd1000 r-xp 00000000 08:02 3410072                    /usr/lib/libnss_compat-2.26.so
7fd73fbd1000-7fd73fdd0000 ---p 00007000 08:02 3410072                    /usr/lib/libnss_compat-2.26.so
7fd73fdd0000-7fd73fdd1000 r--p 00006000 08:02 3410072                    /usr/lib/libnss_compat-2.26.so
7fd73fdd1000-7fd73fdd2000 rw-p 00007000 08:02 3410072                    /usr/lib/libnss_compat-2.26.so
7fd73fdd2000-7fd73fdfe000 r-xp 00000000 08:02 4981160                    /usr/lib/jvm/java-9-openjdk/lib/libjava.so
7fd73fdfe000-7fd73fffd000 ---p 0002c000 08:02 4981160                    /usr/lib/jvm/java-9-openjdk/lib/libjava.so
7fd73fffd000-7fd73fffe000 r--p 0002b000 08:02 4981160                    /usr/lib/jvm/java-9-openjdk/lib/libjava.so
7fd73fffe000-7fd73ffff000 rw-p 0002c000 08:02 4981160                    /usr/lib/jvm/java-9-openjdk/lib/libjava.so
7fd73ffff000-7fd740000000 rw-p 00000000 00:00 0 
7fd740000000-7fd741888000 rw-p 00000000 00:00 0 
7fd741888000-7fd744000000 ---p 00000000 00:00 0 
7fd74400d000-7fd74401a000 r-xp 00000000 08:02 4981161                    /usr/lib/jvm/java-9-openjdk/lib/libverify.so
7fd74401a000-7fd744219000 ---p 0000d000 08:02 4981161                    /usr/lib/jvm/java-9-openjdk/lib/libverify.so
7fd744219000-7fd74421b000 r--p 0000c000 08:02 4981161                    /usr/lib/jvm/java-9-openjdk/lib/libverify.so
7fd74421b000-7fd74421c000 rw-p 0000e000 08:02 4981161                    /usr/lib/jvm/java-9-openjdk/lib/libverify.so
7fd74421c000-7fd744223000 r-xp 00000000 08:02 3410056                    /usr/lib/librt-2.26.so
7fd744223000-7fd744422000 ---p 00007000 08:02 3410056                    /usr/lib/librt-2.26.so
7fd744422000-7fd744423000 r--p 00006000 08:02 3410056                    /usr/lib/librt-2.26.so
7fd744423000-7fd744424000 rw-p 00007000 08:02 3410056                    /usr/lib/librt-2.26.so
7fd744424000-7fd74443a000 r-xp 00000000 08:02 3411650                    /usr/lib/libgcc_s.so.1
7fd74443a000-7fd744639000 ---p 00016000 08:02 3411650                    /usr/lib/libgcc_s.so.1
7fd744639000-7fd74463a000 r--p 00015000 08:02 3411650                    /usr/lib/libgcc_s.so.1
7fd74463a000-7fd74463b000 rw-p 00016000 08:02 3411650                    /usr/lib/libgcc_s.so.1
7fd74463b000-7fd744786000 r-xp 00000000 08:02 3410061                    /usr/lib/libm-2.26.so
7fd744786000-7fd744985000 ---p 0014b000 08:02 3410061                    /usr/lib/libm-2.26.so
7fd744985000-7fd744986000 r--p 0014a000 08:02 3410061                    /usr/lib/libm-2.26.so
7fd744986000-7fd744987000 rw-p 0014b000 08:02 3410061                    /usr/lib/libm-2.26.so
7fd744987000-7fd744afe000 r-xp 00000000 08:02 3411618                    /usr/lib/libstdc++.so.6.0.24
7fd744afe000-7fd744cfe000 ---p 00177000 08:02 3411618                    /usr/lib/libstdc++.so.6.0.24
7fd744cfe000-7fd744d0a000 r--p 00177000 08:02 3411618                    /usr/lib/libstdc++.so.6.0.24
7fd744d0a000-7fd744d0b000 rw-p 00183000 08:02 3411618                    /usr/lib/libstdc++.so.6.0.24
7fd744d0b000-7fd744d0e000 rw-p 00000000 00:00 0 
7fd744d0e000-7fd745c9f000 r-xp 00000000 08:02 4981183                    /usr/lib/jvm/java-9-openjdk/lib/server/libjvm.so
7fd745c9f000-7fd745e9e000 ---p 00f91000 08:02 4981183                    /usr/lib/jvm/java-9-openjdk/lib/server/libjvm.so
7fd745e9e000-7fd745f56000 r--p 00f90000 08:02 4981183                    /usr/lib/jvm/java-9-openjdk/lib/server/libjvm.so
7fd745f56000-7fd745f8b000 rw-p 01048000 08:02 4981183                    /usr/lib/jvm/java-9-openjdk/lib/server/libjvm.so
7fd745f8b000-7fd745fd3000 rw-p 00000000 00:00 0 
7fd745fd3000-7fd745fec000 r-xp 00000000 08:02 3410143                    /usr/lib/libpthread-2.26.so
7fd745fec000-7fd7461eb000 ---p 00019000 08:02 3410143                    /usr/lib/libpthread-2.26.so
7fd7461eb000-7fd7461ec000 r--p 00018000 08:02 3410143                    /usr/lib/libpthread-2.26.so
7fd7461ec000-7fd7461ed000 rw-p 00019000 08:02 3410143                    /usr/lib/libpthread-2.26.so
7fd7461ed000-7fd7461f1000 rw-p 00000000 00:00 0 
7fd7461f1000-7fd7461f4000 r-xp 00000000 08:02 3410062                    /usr/lib/libdl-2.26.so
7fd7461f4000-7fd7463f3000 ---p 00003000 08:02 3410062                    /usr/lib/libdl-2.26.so
7fd7463f3000-7fd7463f4000 r--p 00002000 08:02 3410062                    /usr/lib/libdl-2.26.so
7fd7463f4000-7fd7463f5000 rw-p 00003000 08:02 3410062                    /usr/lib/libdl-2.26.so
7fd7463f5000-7fd74640b000 r-xp 00000000 08:02 3414406                    /usr/lib/libz.so.1.2.11
7fd74640b000-7fd74660a000 ---p 00016000 08:02 3414406                    /usr/lib/libz.so.1.2.11
7fd74660a000-7fd74660b000 r--p 00015000 08:02 3414406                    /usr/lib/libz.so.1.2.11
7fd74660b000-7fd74660c000 rw-p 00016000 08:02 3414406                    /usr/lib/libz.so.1.2.11
7fd74660c000-7fd7467ba000 r-xp 00000000 08:02 3410123                    /usr/lib/libc-2.26.so
7fd7467ba000-7fd7469ba000 ---p 001ae000 08:02 3410123                    /usr/lib/libc-2.26.so
7fd7469ba000-7fd7469be000 r--p 001ae000 08:02 3410123                    /usr/lib/libc-2.26.so
7fd7469be000-7fd7469c0000 rw-p 001b2000 08:02 3410123                    /usr/lib/libc-2.26.so
7fd7469c0000-7fd7469c4000 rw-p 00000000 00:00 0 
7fd7469c4000-7fd7469d3000 r-xp 00000000 08:02 4981182                    /usr/lib/jvm/java-9-openjdk/lib/jli/libjli.so
7fd7469d3000-7fd746bd2000 ---p 0000f000 08:02 4981182                    /usr/lib/jvm/java-9-openjdk/lib/jli/libjli.so
7fd746bd2000-7fd746bd3000 r--p 0000e000 08:02 4981182                    /usr/lib/jvm/java-9-openjdk/lib/jli/libjli.so
7fd746bd3000-7fd746bd4000 rw-p 0000f000 08:02 4981182                    /usr/lib/jvm/java-9-openjdk/lib/jli/libjli.so
7fd746bd4000-7fd746bf9000 r-xp 00000000 08:02 3410124                    /usr/lib/ld-2.26.so
7fd746c11000-7fd746ccf000 rw-p 00000000 00:00 0 
7fd746ccf000-7fd746cd0000 ---p 00000000 00:00 0 
7fd746cd0000-7fd746cd4000 ---p 00000000 00:00 0 
7fd746cd4000-7fd746dd2000 rw-p 00000000 00:00 0 
7fd746ddf000-7fd746de5000 rw-p 00000000 00:00 0 
7fd746de5000-7fd746dec000 ---p 00000000 00:00 0 
7fd746dec000-7fd746df4000 rw-s 00000000 00:25 7043844                    /tmp/hsperfdata_olu/19878
7fd746df4000-7fd746df5000 rw-p 00000000 00:00 0 
7fd746df5000-7fd746df6000 ---p 00000000 00:00 0 
7fd746df6000-7fd746df8000 rw-p 00000000 00:00 0 
7fd746df8000-7fd746df9000 r--p 00024000 08:02 3410124                    /usr/lib/ld-2.26.so
7fd746df9000-7fd746dfa000 rw-p 00025000 08:02 3410124                    /usr/lib/ld-2.26.so
7fd746dfa000-7fd746dfb000 rw-p 00000000 00:00 0 
7ffca1b58000-7ffca1b79000 rw-p 00000000 00:00 0                          [stack]
7ffca1bf4000-7ffca1bf7000 r--p 00000000 00:00 0                          [vvar]
7ffca1bf7000-7ffca1bf9000 r-xp 00000000 00:00 0                          [vdso]
ffffffffff600000-ffffffffff601000 r-xp 00000000 00:00 0                  [vsyscall]

VM Arguments:
java_command: App
java_class_path (initial): MatrixBot.jar
Launcher Type: SUN_STANDARD

Logging:
Log output configuration:
#0: stdout all=warning uptime,level,tags
#1: stderr all=off uptime,level,tags

Environment Variables:
PATH=/home/olu/.nimble/bin:/usr/local/sbin:/usr/local/bin:/usr/bin:/usr/lib/jvm/default/bin:/usr/bin/site_perl:/usr/bin/vendor_perl:/usr/bin/core_perl
SHELL=/bin/bash
DISPLAY=:0

Signal Handlers:
SIGSEGV: [libjvm.so+0xd33720], sa_mask[0]=11111111011111111101111111111110, sa_flags=SA_RESTART|SA_SIGINFO
SIGBUS: [libjvm.so+0xd33720], sa_mask[0]=11111111011111111101111111111110, sa_flags=SA_RESTART|SA_SIGINFO
SIGFPE: [libjvm.so+0xd33720], sa_mask[0]=11111111011111111101111111111110, sa_flags=SA_RESTART|SA_SIGINFO
SIGPIPE: [libjvm.so+0xb35ea0], sa_mask[0]=11111111011111111101111111111110, sa_flags=SA_RESTART|SA_SIGINFO
SIGXFSZ: [libjvm.so+0xb35ea0], sa_mask[0]=11111111011111111101111111111110, sa_flags=SA_RESTART|SA_SIGINFO
SIGILL: [libjvm.so+0xd33720], sa_mask[0]=11111111011111111101111111111110, sa_flags=SA_RESTART|SA_SIGINFO
SIGUSR2: [libjvm.so+0xb35d30], sa_mask[0]=00000000000000000000000000000000, sa_flags=SA_RESTART|SA_SIGINFO
SIGHUP: [libjvm.so+0xb35f60], sa_mask[0]=11111111011111111101111111111110, sa_flags=SA_RESTART|SA_SIGINFO
SIGINT: [libjvm.so+0xb35f60], sa_mask[0]=11111111011111111101111111111110, sa_flags=SA_RESTART|SA_SIGINFO
SIGTERM: [libjvm.so+0xb35f60], sa_mask[0]=11111111011111111101111111111110, sa_flags=SA_RESTART|SA_SIGINFO
SIGQUIT: [libjvm.so+0xb35f60], sa_mask[0]=11111111011111111101111111111110, sa_flags=SA_RESTART|SA_SIGINFO


---------------  S Y S T E M  ---------------

OS:NAME="Antergos Linux"
VERSION="17.9-ISO-Rolling"
ID="antergos"
ID_LIKE="arch"
PRETTY_NAME="Antergos Linux"
CPE_NAME="cpe:/o:antergosproject:antergos:17.9"
ANSI_COLOR="1;34;40"
HOME_URL="https://antergos.com/"
SUPPORT_URL="https://forum.antergos.com/"
BUG_REPORT_URL="https://github.com/antergos"

uname:Linux 4.13.12-1-ARCH #1 SMP PREEMPT Wed Nov 8 11:54:06 CET 2017 x86_64
libc:glibc 2.26 NPTL 2.26 
rlimit: STACK 8192k, CORE infinity, NPROC 14972, NOFILE 4096, AS infinity
load average:21.29 48.55 26.65

/proc/meminfo:
MemTotal:        3844008 kB
MemFree:           85972 kB
MemAvailable:      33760 kB
Buffers:            1252 kB
Cached:           277744 kB
SwapCached:        16172 kB
Active:          2930176 kB
Inactive:         555220 kB
Active(anon):    2885244 kB
Inactive(anon):   500652 kB
Active(file):      44932 kB
Inactive(file):    54568 kB
Unevictable:          64 kB
Mlocked:              64 kB
SwapTotal:       3845460 kB
SwapFree:            240 kB
Dirty:               284 kB
Writeback:           808 kB
AnonPages:       3193588 kB
Mapped:           208756 kB
Shmem:            179556 kB
Slab:              83824 kB
SReclaimable:      35256 kB
SUnreclaim:        48568 kB
KernelStack:       14288 kB
PageTables:        90776 kB
NFS_Unstable:          0 kB
Bounce:                0 kB
WritebackTmp:          0 kB
CommitLimit:     5767464 kB
Committed_AS:   19309260 kB
VmallocTotal:   34359738367 kB
VmallocUsed:           0 kB
VmallocChunk:          0 kB
HardwareCorrupted:     0 kB
AnonHugePages:    305152 kB
ShmemHugePages:        0 kB
ShmemPmdMapped:        0 kB
HugePages_Total:       0
HugePages_Free:        0
HugePages_Rsvd:        0
HugePages_Surp:        0
Hugepagesize:       2048 kB
DirectMap4k:      254012 kB
DirectMap2M:     3731456 kB


CPU:total 4 (initial active 4) (2 cores per cpu, 2 threads per core) family 6 model 37 stepping 5, cmov, cx8, fxsr, mmx, sse, sse2, sse3, ssse3, sse4.1, sse4.2, popcnt, aes, clmul, ht, tsc, tscinvbit
CPU Model and flags from /proc/cpuinfo:
model name	: Intel(R) Core(TM) i5 CPU       M 560  @ 2.67GHz
flags		: fpu vme de pse tsc msr pae mce cx8 apic sep mtrr pge mca cmov pat pse36 clflush dts acpi mmx fxsr sse sse2 ss ht tm pbe syscall nx rdtscp lm constant_tsc arch_perfmon pebs bts rep_good nopl xtopology nonstop_tsc cpuid aperfmperf pni pclmulqdq dtes64 monitor ds_cpl vmx smx est tm2 ssse3 cx16 xtpr pdcm pcid sse4_1 sse4_2 popcnt aes lahf_lm tpr_shadow vnmi flexpriority ept vpid dtherm ida arat

Memory: 4k page, physical 3844008k(85600k free), swap 3845460k(240k free)

vm_info: OpenJDK 64-Bit Server VM (9+181) for linux-amd64 JRE (9+181), built on Oct  7 2017 17:10:25 by "builduser" with gcc 7.2.0

END.
